{"C:\\Users\\leifeng\\Documents\\airacm\\backend-pre\\src\\app.module.ts": {"path":"C:\\Users\\leifeng\\Documents\\airacm\\backend-pre\\src\\app.module.ts","statementMap":{"0":{"start":{"line":1,"column":0},"end":{"line":1,"column":57}},"1":{"start":{"line":2,"column":0},"end":{"line":2,"column":70}},"2":{"start":{"line":3,"column":0},"end":{"line":3,"column":48}},"3":{"start":{"line":4,"column":0},"end":{"line":4,"column":40}},"4":{"start":{"line":5,"column":0},"end":{"line":5,"column":68}},"5":{"start":{"line":6,"column":0},"end":{"line":6,"column":55}},"6":{"start":{"line":7,"column":0},"end":{"line":7,"column":71}},"7":{"start":{"line":8,"column":0},"end":{"line":8,"column":44}},"8":{"start":{"line":9,"column":0},"end":{"line":9,"column":48}},"9":{"start":{"line":10,"column":0},"end":{"line":10,"column":48}},"10":{"start":{"line":11,"column":0},"end":{"line":11,"column":46}},"11":{"start":{"line":12,"column":0},"end":{"line":12,"column":50}},"12":{"start":{"line":13,"column":0},"end":{"line":13,"column":52}},"13":{"start":{"line":14,"column":0},"end":{"line":14,"column":46}},"14":{"start":{"line":18,"column":0},"end":{"line":23,"column":null}},"15":{"start":{"line":21,"column":4},"end":{"line":21,"column":28}},"16":{"start":{"line":20,"column":2},"end":{"line":22,"column":null}},"17":{"start":{"line":18,"column":6},"end":{"line":23,"column":null}},"18":{"start":{"line":47,"column":7},"end":{"line":47,"column":null}},"19":{"start":{"line":47,"column":13},"end":{"line":47,"column":22}},"20":{"start":{"line":47,"column":13},"end":{"line":47,"column":null}}},"fnMap":{"0":{"name":"(anonymous_2)","decl":{"start":{"line":20,"column":2},"end":{"line":20,"column":8}},"loc":{"start":{"line":20,"column":8},"end":{"line":22,"column":3}}}},"branchMap":{},"s":{"0":1,"1":1,"2":1,"3":1,"4":1,"5":1,"6":1,"7":1,"8":1,"9":1,"10":1,"11":1,"12":1,"13":1,"14":1,"15":0,"16":1,"17":1,"18":1,"19":1,"20":1},"f":{"0":0},"b":{}}
,"C:\\Users\\leifeng\\Documents\\airacm\\backend-pre\\src\\common.ts": {"path":"C:\\Users\\leifeng\\Documents\\airacm\\backend-pre\\src\\common.ts","statementMap":{"0":{"start":{"line":85,"column":0},"end":{"line":85,"column":16}},"1":{"start":{"line":1,"column":0},"end":{"line":1,"column":null}},"2":{"start":{"line":16,"column":0},"end":{"line":16,"column":41}},"3":{"start":{"line":18,"column":0},"end":{"line":18,"column":37}},"4":{"start":{"line":19,"column":0},"end":{"line":19,"column":31}},"5":{"start":{"line":44,"column":7},"end":{"line":50,"column":null}},"6":{"start":{"line":46,"column":4},"end":{"line":48,"column":6}},"7":{"start":{"line":47,"column":43},"end":{"line":47,"column":93}},"8":{"start":{"line":44,"column":13},"end":{"line":44,"column":35}},"9":{"start":{"line":44,"column":13},"end":{"line":50,"column":null}},"10":{"start":{"line":53,"column":7},"end":{"line":75,"column":null}},"11":{"start":{"line":54,"column":31},"end":{"line":54,"column":36}},"12":{"start":{"line":57,"column":16},"end":{"line":57,"column":51}},"13":{"start":{"line":58,"column":39},"end":{"line":58,"column":65}},"14":{"start":{"line":59,"column":4},"end":{"line":61,"column":5}},"15":{"start":{"line":60,"column":6},"end":{"line":60,"column":48}},"16":{"start":{"line":62,"column":18},"end":{"line":62,"column":55}},"17":{"start":{"line":63,"column":4},"end":{"line":73,"column":5}},"18":{"start":{"line":64,"column":22},"end":{"line":64,"column":83}},"19":{"start":{"line":65,"column":6},"end":{"line":69,"column":27}},"20":{"start":{"line":70,"column":6},"end":{"line":70,"column":18}},"21":{"start":{"line":72,"column":6},"end":{"line":72,"column":53}},"22":{"start":{"line":53,"column":13},"end":{"line":53,"column":25}},"23":{"start":{"line":53,"column":13},"end":{"line":75,"column":null}},"24":{"start":{"line":78,"column":13},"end":{"line":83,"column":2}},"25":{"start":{"line":80,"column":16},"end":{"line":80,"column":47}},"26":{"start":{"line":81,"column":4},"end":{"line":81,"column":32}},"27":{"start":{"line":86,"column":2},"end":{"line":89,"column":4}},"28":{"start":{"line":93,"column":27},"end":{"line":93,"column":75}},"29":{"start":{"line":93,"column":53},"end":{"line":93,"column":75}},"30":{"start":{"line":93,"column":13},"end":{"line":93,"column":27}},"31":{"start":{"line":94,"column":27},"end":{"line":94,"column":65}},"32":{"start":{"line":94,"column":54},"end":{"line":94,"column":65}},"33":{"start":{"line":94,"column":13},"end":{"line":94,"column":27}},"34":{"start":{"line":97,"column":13},"end":{"line":97,"column":42}},"35":{"start":{"line":99,"column":2},"end":{"line":102,"column":3}},"36":{"start":{"line":100,"column":2},"end":{"line":102,"column":3}},"37":{"start":{"line":101,"column":4},"end":{"line":101,"column":85}},"38":{"start":{"line":98,"column":13},"end":{"line":98,"column":null}},"39":{"start":{"line":105,"column":7},"end":{"line":117,"column":null}},"40":{"start":{"line":107,"column":20},"end":{"line":107,"column":40}},"41":{"start":{"line":108,"column":45},"end":{"line":108,"column":84}},"42":{"start":{"line":109,"column":4},"end":{"line":109,"column":56}},"43":{"start":{"line":109,"column":44},"end":{"line":109,"column":56}},"44":{"start":{"line":110,"column":16},"end":{"line":110,"column":51}},"45":{"start":{"line":111,"column":17},"end":{"line":111,"column":49}},"46":{"start":{"line":112,"column":4},"end":{"line":114,"column":5}},"47":{"start":{"line":113,"column":6},"end":{"line":113,"column":49}},"48":{"start":{"line":115,"column":4},"end":{"line":115,"column":16}},"49":{"start":{"line":105,"column":13},"end":{"line":105,"column":23}},"50":{"start":{"line":105,"column":13},"end":{"line":117,"column":null}},"51":{"start":{"line":122,"column":7},"end":{"line":155,"column":null}},"52":{"start":{"line":123,"column":19},"end":{"line":123,"column":52}},"53":{"start":{"line":126,"column":16},"end":{"line":126,"column":35}},"54":{"start":{"line":127,"column":16},"end":{"line":127,"column":33}},"55":{"start":{"line":128,"column":16},"end":{"line":128,"column":32}},"56":{"start":{"line":130,"column":17},"end":{"line":130,"column":49}},"57":{"start":{"line":131,"column":18},"end":{"line":131,"column":27}},"58":{"start":{"line":133,"column":4},"end":{"line":142,"column":5}},"59":{"start":{"line":134,"column":6},"end":{"line":134,"column":37}},"60":{"start":{"line":135,"column":19},"end":{"line":135,"column":42}},"61":{"start":{"line":136,"column":6},"end":{"line":141,"column":7}},"62":{"start":{"line":137,"column":8},"end":{"line":137,"column":23}},"63":{"start":{"line":138,"column":13},"end":{"line":141,"column":7}},"64":{"start":{"line":139,"column":19},"end":{"line":139,"column":67}},"65":{"start":{"line":140,"column":8},"end":{"line":140,"column":75}},"66":{"start":{"line":144,"column":4},"end":{"line":151,"column":5}},"67":{"start":{"line":146,"column":6},"end":{"line":149,"column":8}},"68":{"start":{"line":150,"column":6},"end":{"line":150,"column":42}},"69":{"start":{"line":150,"column":22},"end":{"line":150,"column":42}},"70":{"start":{"line":153,"column":4},"end":{"line":153,"column":76}},"71":{"start":{"line":122,"column":13},"end":{"line":122,"column":32}},"72":{"start":{"line":122,"column":13},"end":{"line":155,"column":null}}},"fnMap":{"0":{"name":"(anonymous_2)","decl":{"start":{"line":45,"column":2},"end":{"line":45,"column":11}},"loc":{"start":{"line":45,"column":53},"end":{"line":49,"column":3}}},"1":{"name":"(anonymous_3)","decl":{"start":{"line":47,"column":10},"end":{"line":47,"column":11}},"loc":{"start":{"line":47,"column":43},"end":{"line":47,"column":93}}},"2":{"name":"(anonymous_4)","decl":{"start":{"line":54,"column":2},"end":{"line":54,"column":31}},"loc":{"start":{"line":54,"column":46},"end":{"line":54,"column":50}}},"3":{"name":"(anonymous_5)","decl":{"start":{"line":56,"column":2},"end":{"line":56,"column":13}},"loc":{"start":{"line":56,"column":39},"end":{"line":74,"column":3}}},"4":{"name":"(anonymous_6)","decl":{"start":{"line":79,"column":2},"end":{"line":79,"column":3}},"loc":{"start":{"line":79,"column":54},"end":{"line":82,"column":3}}},"5":{"name":"signToken","decl":{"start":{"line":85,"column":16},"end":{"line":85,"column":25}},"loc":{"start":{"line":85,"column":57},"end":{"line":90,"column":1}}},"6":{"name":"(anonymous_8)","decl":{"start":{"line":93,"column":27},"end":{"line":93,"column":28}},"loc":{"start":{"line":93,"column":53},"end":{"line":93,"column":75}}},"7":{"name":"(anonymous_9)","decl":{"start":{"line":94,"column":27},"end":{"line":94,"column":28}},"loc":{"start":{"line":94,"column":54},"end":{"line":94,"column":65}}},"8":{"name":"(anonymous_10)","decl":{"start":{"line":99,"column":2},"end":{"line":99,"column":3}},"loc":{"start":{"line":100,"column":2},"end":{"line":102,"column":3}}},"9":{"name":"(anonymous_11)","decl":{"start":{"line":100,"column":2},"end":{"line":100,"column":3}},"loc":{"start":{"line":100,"column":83},"end":{"line":102,"column":3}}},"10":{"name":"(anonymous_12)","decl":{"start":{"line":106,"column":2},"end":{"line":106,"column":13}},"loc":{"start":{"line":106,"column":39},"end":{"line":116,"column":3}}},"11":{"name":"(anonymous_13)","decl":{"start":{"line":122,"column":7},"end":{"line":122,"column":13}},"loc":{"start":{"line":122,"column":7},"end":{"line":155,"column":1}}},"12":{"name":"(anonymous_14)","decl":{"start":{"line":125,"column":2},"end":{"line":125,"column":7}},"loc":{"start":{"line":125,"column":47},"end":{"line":154,"column":3}}}},"branchMap":{"0":{"loc":{"start":{"line":47,"column":66},"end":{"line":47,"column":78}},"type":"binary-expr","locations":[{"start":{"line":47,"column":66},"end":{"line":47,"column":70}},{"start":{"line":47,"column":74},"end":{"line":47,"column":78}}]},"1":{"loc":{"start":{"line":59,"column":4},"end":{"line":61,"column":5}},"type":"if","locations":[{"start":{"line":59,"column":4},"end":{"line":61,"column":5}}]},"2":{"loc":{"start":{"line":59,"column":8},"end":{"line":59,"column":48}},"type":"binary-expr","locations":[{"start":{"line":59,"column":8},"end":{"line":59,"column":15}},{"start":{"line":59,"column":19},"end":{"line":59,"column":48}}]},"3":{"loc":{"start":{"line":68,"column":14},"end":{"line":68,"column":36}},"type":"binary-expr","locations":[{"start":{"line":68,"column":14},"end":{"line":68,"column":26}},{"start":{"line":68,"column":30},"end":{"line":68,"column":36}}]},"4":{"loc":{"start":{"line":101,"column":45},"end":{"line":101,"column":83}},"type":"cond-expr","locations":[{"start":{"line":101,"column":58},"end":{"line":101,"column":74}},{"start":{"line":101,"column":77},"end":{"line":101,"column":83}}]},"5":{"loc":{"start":{"line":109,"column":4},"end":{"line":109,"column":56}},"type":"if","locations":[{"start":{"line":109,"column":4},"end":{"line":109,"column":56}}]},"6":{"loc":{"start":{"line":109,"column":8},"end":{"line":109,"column":42}},"type":"binary-expr","locations":[{"start":{"line":109,"column":8},"end":{"line":109,"column":17}},{"start":{"line":109,"column":21},"end":{"line":109,"column":42}}]},"7":{"loc":{"start":{"line":112,"column":4},"end":{"line":114,"column":5}},"type":"if","locations":[{"start":{"line":112,"column":4},"end":{"line":114,"column":5}}]},"8":{"loc":{"start":{"line":112,"column":8},"end":{"line":112,"column":46}},"type":"binary-expr","locations":[{"start":{"line":112,"column":8},"end":{"line":112,"column":13}},{"start":{"line":112,"column":17},"end":{"line":112,"column":46}}]},"9":{"loc":{"start":{"line":133,"column":4},"end":{"line":142,"column":5}},"type":"if","locations":[{"start":{"line":133,"column":4},"end":{"line":142,"column":5}}]},"10":{"loc":{"start":{"line":136,"column":6},"end":{"line":141,"column":7}},"type":"if","locations":[{"start":{"line":136,"column":6},"end":{"line":141,"column":7}},{"start":{"line":138,"column":13},"end":{"line":141,"column":7}}]},"11":{"loc":{"start":{"line":138,"column":13},"end":{"line":141,"column":7}},"type":"if","locations":[{"start":{"line":138,"column":13},"end":{"line":141,"column":7}}]},"12":{"loc":{"start":{"line":138,"column":17},"end":{"line":138,"column":49}},"type":"binary-expr","locations":[{"start":{"line":138,"column":17},"end":{"line":138,"column":21}},{"start":{"line":138,"column":25},"end":{"line":138,"column":49}}]},"13":{"loc":{"start":{"line":140,"column":18},"end":{"line":140,"column":74}},"type":"cond-expr","locations":[{"start":{"line":140,"column":37},"end":{"line":140,"column":49}},{"start":{"line":140,"column":52},"end":{"line":140,"column":74}}]},"14":{"loc":{"start":{"line":140,"column":52},"end":{"line":140,"column":74}},"type":"binary-expr","locations":[{"start":{"line":140,"column":52},"end":{"line":140,"column":53}},{"start":{"line":140,"column":57},"end":{"line":140,"column":74}}]},"15":{"loc":{"start":{"line":144,"column":4},"end":{"line":151,"column":5}},"type":"if","locations":[{"start":{"line":144,"column":4},"end":{"line":151,"column":5}}]},"16":{"loc":{"start":{"line":148,"column":8},"end":{"line":148,"column":72}},"type":"cond-expr","locations":[{"start":{"line":148,"column":37},"end":{"line":148,"column":52}},{"start":{"line":148,"column":55},"end":{"line":148,"column":72}}]},"17":{"loc":{"start":{"line":150,"column":6},"end":{"line":150,"column":42}},"type":"if","locations":[{"start":{"line":150,"column":6},"end":{"line":150,"column":42}}]}},"s":{"0":1,"1":1,"2":1,"3":1,"4":1,"5":1,"6":3,"7":2,"8":1,"9":1,"10":1,"11":6,"12":3,"13":3,"14":3,"15":1,"16":2,"17":2,"18":2,"19":2,"20":2,"21":0,"22":1,"23":1,"24":1,"25":2,"26":2,"27":2,"28":1,"29":0,"30":1,"31":1,"32":0,"33":1,"34":1,"35":1,"36":1,"37":1,"38":1,"39":1,"40":2,"41":2,"42":2,"43":2,"44":0,"45":0,"46":0,"47":0,"48":0,"49":1,"50":1,"51":1,"52":1,"53":2,"54":2,"55":2,"56":2,"57":2,"58":2,"59":2,"60":2,"61":2,"62":0,"63":2,"64":2,"65":2,"66":2,"67":0,"68":0,"69":0,"70":2,"71":1,"72":1},"f":{"0":3,"1":2,"2":6,"3":3,"4":2,"5":2,"6":0,"7":0,"8":1,"9":1,"10":2,"11":1,"12":2},"b":{"0":[2,0],"1":[1],"2":[3,2],"3":[2,0],"4":[0,1],"5":[2],"6":[2,0],"7":[0],"8":[0,0],"9":[2],"10":[0,2],"11":[2],"12":[2,2],"13":[1,1],"14":[1,0],"15":[0],"16":[0,0],"17":[0]}}
,"C:\\Users\\leifeng\\Documents\\airacm\\backend-pre\\src\\config.ts": {"path":"C:\\Users\\leifeng\\Documents\\airacm\\backend-pre\\src\\config.ts","statementMap":{"0":{"start":{"line":62,"column":0},"end":{"line":62,"column":16}},"1":{"start":{"line":4,"column":20},"end":{"line":4,"column":47}},"2":{"start":{"line":5,"column":27},"end":{"line":5,"column":40}},"3":{"start":{"line":7,"column":13},"end":{"line":7,"column":60}},"4":{"start":{"line":10,"column":12},"end":{"line":10,"column":40}},"5":{"start":{"line":11,"column":2},"end":{"line":15,"column":3}},"6":{"start":{"line":12,"column":4},"end":{"line":14,"column":6}},"7":{"start":{"line":16,"column":2},"end":{"line":16,"column":26}},"8":{"start":{"line":20,"column":14},"end":{"line":20,"column":53}},"9":{"start":{"line":21,"column":2},"end":{"line":26,"column":3}},"10":{"start":{"line":22,"column":4},"end":{"line":24,"column":5}},"11":{"start":{"line":23,"column":6},"end":{"line":23,"column":71}},"12":{"start":{"line":25,"column":4},"end":{"line":25,"column":63}},"13":{"start":{"line":25,"column":37},"end":{"line":25,"column":45}},"14":{"start":{"line":28,"column":2},"end":{"line":28,"column":74}},"15":{"start":{"line":28,"column":41},"end":{"line":28,"column":49}},"16":{"start":{"line":31,"column":22},"end":{"line":31,"column":76}},"17":{"start":{"line":32,"column":21},"end":{"line":32,"column":69}},"18":{"start":{"line":33,"column":0},"end":{"line":35,"column":1}},"19":{"start":{"line":34,"column":2},"end":{"line":34,"column":73}},"20":{"start":{"line":37,"column":13},"end":{"line":60,"column":2}},"21":{"start":{"line":63,"column":17},"end":{"line":63,"column":80}},"22":{"start":{"line":65,"column":22},"end":{"line":65,"column":52}},"23":{"start":{"line":66,"column":2},"end":{"line":68,"column":3}},"24":{"start":{"line":67,"column":4},"end":{"line":67,"column":76}},"25":{"start":{"line":70,"column":2},"end":{"line":85,"column":3}},"26":{"start":{"line":71,"column":4},"end":{"line":84,"column":6}},"27":{"start":{"line":86,"column":2},"end":{"line":91,"column":4}}},"fnMap":{"0":{"name":"readJwtSecret","decl":{"start":{"line":9,"column":9},"end":{"line":9,"column":22}},"loc":{"start":{"line":9,"column":22},"end":{"line":17,"column":1}}},"1":{"name":"readCorsOrigins","decl":{"start":{"line":19,"column":9},"end":{"line":19,"column":24}},"loc":{"start":{"line":19,"column":24},"end":{"line":29,"column":1}}},"2":{"name":"(anonymous_2)","decl":{"start":{"line":25,"column":30},"end":{"line":25,"column":31}},"loc":{"start":{"line":25,"column":37},"end":{"line":25,"column":45}}},"3":{"name":"(anonymous_3)","decl":{"start":{"line":28,"column":34},"end":{"line":28,"column":35}},"loc":{"start":{"line":28,"column":41},"end":{"line":28,"column":49}}},"4":{"name":"buildDataSourceOptions","decl":{"start":{"line":62,"column":16},"end":{"line":62,"column":38}},"loc":{"start":{"line":62,"column":38},"end":{"line":92,"column":1}}}},"branchMap":{"0":{"loc":{"start":{"line":10,"column":12},"end":{"line":10,"column":40}},"type":"binary-expr","locations":[{"start":{"line":10,"column":12},"end":{"line":10,"column":34}},{"start":{"line":10,"column":38},"end":{"line":10,"column":40}}]},"1":{"loc":{"start":{"line":11,"column":2},"end":{"line":15,"column":3}},"type":"if","locations":[{"start":{"line":11,"column":2},"end":{"line":15,"column":3}}]},"2":{"loc":{"start":{"line":11,"column":6},"end":{"line":11,"column":58}},"type":"binary-expr","locations":[{"start":{"line":11,"column":6},"end":{"line":11,"column":12}},{"start":{"line":11,"column":17},"end":{"line":11,"column":19}},{"start":{"line":11,"column":23},"end":{"line":11,"column":40}},{"start":{"line":11,"column":44},"end":{"line":11,"column":57}}]},"3":{"loc":{"start":{"line":16,"column":9},"end":{"line":16,"column":25}},"type":"binary-expr","locations":[{"start":{"line":16,"column":9},"end":{"line":16,"column":10}},{"start":{"line":16,"column":14},"end":{"line":16,"column":25}}]},"4":{"loc":{"start":{"line":20,"column":15},"end":{"line":20,"column":45}},"type":"binary-expr","locations":[{"start":{"line":20,"column":15},"end":{"line":20,"column":39}},{"start":{"line":20,"column":43},"end":{"line":20,"column":45}}]},"5":{"loc":{"start":{"line":21,"column":2},"end":{"line":26,"column":3}},"type":"if","locations":[{"start":{"line":21,"column":2},"end":{"line":26,"column":3}}]},"6":{"loc":{"start":{"line":22,"column":4},"end":{"line":24,"column":5}},"type":"if","locations":[{"start":{"line":22,"column":4},"end":{"line":24,"column":5}}]},"7":{"loc":{"start":{"line":22,"column":8},"end":{"line":22,"column":27}},"type":"binary-expr","locations":[{"start":{"line":22,"column":8},"end":{"line":22,"column":12}},{"start":{"line":22,"column":16},"end":{"line":22,"column":27}}]},"8":{"loc":{"start":{"line":28,"column":9},"end":{"line":28,"column":73}},"type":"cond-expr","locations":[{"start":{"line":28,"column":15},"end":{"line":28,"column":66}},{"start":{"line":28,"column":69},"end":{"line":28,"column":73}}]},"9":{"loc":{"start":{"line":31,"column":23},"end":{"line":31,"column":64}},"type":"binary-expr","locations":[{"start":{"line":31,"column":23},"end":{"line":31,"column":53}},{"start":{"line":31,"column":57},"end":{"line":31,"column":64}}]},"10":{"loc":{"start":{"line":32,"column":21},"end":{"line":32,"column":69}},"type":"binary-expr","locations":[{"start":{"line":32,"column":21},"end":{"line":32,"column":47}},{"start":{"line":32,"column":51},"end":{"line":32,"column":69}}]},"11":{"loc":{"start":{"line":33,"column":0},"end":{"line":35,"column":1}},"type":"if","locations":[{"start":{"line":33,"column":0},"end":{"line":35,"column":1}}]},"12":{"loc":{"start":{"line":33,"column":4},"end":{"line":33,"column":96}},"type":"binary-expr","locations":[{"start":{"line":33,"column":4},"end":{"line":33,"column":10}},{"start":{"line":33,"column":14},"end":{"line":33,"column":27}},{"start":{"line":33,"column":32},"end":{"line":33,"column":67}},{"start":{"line":33,"column":71},"end":{"line":33,"column":95}}]},"13":{"loc":{"start":{"line":38,"column":11},"end":{"line":38,"column":48}},"type":"binary-expr","locations":[{"start":{"line":38,"column":11},"end":{"line":38,"column":31}},{"start":{"line":38,"column":35},"end":{"line":38,"column":48}}]},"14":{"loc":{"start":{"line":40,"column":17},"end":{"line":40,"column":43}},"type":"binary-expr","locations":[{"start":{"line":40,"column":17},"end":{"line":40,"column":33}},{"start":{"line":40,"column":37},"end":{"line":40,"column":43}}]},"15":{"loc":{"start":{"line":42,"column":16},"end":{"line":42,"column":50}},"type":"binary-expr","locations":[{"start":{"line":42,"column":16},"end":{"line":42,"column":42}},{"start":{"line":42,"column":46},"end":{"line":42,"column":50}}]},"16":{"loc":{"start":{"line":45,"column":19},"end":{"line":45,"column":56}},"type":"binary-expr","locations":[{"start":{"line":45,"column":19},"end":{"line":45,"column":48}},{"start":{"line":45,"column":52},"end":{"line":45,"column":56}}]},"17":{"loc":{"start":{"line":47,"column":14},"end":{"line":47,"column":48}},"type":"binary-expr","locations":[{"start":{"line":47,"column":14},"end":{"line":47,"column":38}},{"start":{"line":47,"column":42},"end":{"line":47,"column":48}}]},"18":{"loc":{"start":{"line":48,"column":13},"end":{"line":48,"column":47}},"type":"binary-expr","locations":[{"start":{"line":48,"column":13},"end":{"line":48,"column":37}},{"start":{"line":48,"column":41},"end":{"line":48,"column":47}}]},"19":{"loc":{"start":{"line":52,"column":11},"end":{"line":52,"column":42}},"type":"binary-expr","locations":[{"start":{"line":52,"column":11},"end":{"line":52,"column":36}},{"start":{"line":52,"column":40},"end":{"line":52,"column":42}}]},"20":{"loc":{"start":{"line":57,"column":11},"end":{"line":57,"column":51}},"type":"binary-expr","locations":[{"start":{"line":57,"column":11},"end":{"line":57,"column":34}},{"start":{"line":57,"column":38},"end":{"line":57,"column":51}}]},"21":{"loc":{"start":{"line":58,"column":14},"end":{"line":58,"column":61}},"type":"binary-expr","locations":[{"start":{"line":58,"column":14},"end":{"line":58,"column":40}},{"start":{"line":58,"column":44},"end":{"line":58,"column":61}}]},"22":{"loc":{"start":{"line":63,"column":17},"end":{"line":63,"column":80}},"type":"binary-expr","locations":[{"start":{"line":63,"column":17},"end":{"line":63,"column":36}},{"start":{"line":63,"column":41},"end":{"line":63,"column":79}}]},"23":{"loc":{"start":{"line":63,"column":41},"end":{"line":63,"column":79}},"type":"cond-expr","locations":[{"start":{"line":63,"column":50},"end":{"line":63,"column":60}},{"start":{"line":63,"column":63},"end":{"line":63,"column":79}}]},"24":{"loc":{"start":{"line":66,"column":2},"end":{"line":68,"column":3}},"type":"if","locations":[{"start":{"line":66,"column":2},"end":{"line":68,"column":3}}]},"25":{"loc":{"start":{"line":66,"column":6},"end":{"line":66,"column":27}},"type":"binary-expr","locations":[{"start":{"line":66,"column":6},"end":{"line":66,"column":12}},{"start":{"line":66,"column":16},"end":{"line":66,"column":27}}]},"26":{"loc":{"start":{"line":70,"column":2},"end":{"line":85,"column":3}},"type":"if","locations":[{"start":{"line":70,"column":2},"end":{"line":85,"column":3}}]},"27":{"loc":{"start":{"line":74,"column":12},"end":{"line":74,"column":46}},"type":"binary-expr","locations":[{"start":{"line":74,"column":12},"end":{"line":74,"column":31}},{"start":{"line":74,"column":35},"end":{"line":74,"column":46}}]},"28":{"loc":{"start":{"line":75,"column":21},"end":{"line":75,"column":50}},"type":"binary-expr","locations":[{"start":{"line":75,"column":21},"end":{"line":75,"column":40}},{"start":{"line":75,"column":44},"end":{"line":75,"column":50}}]},"29":{"loc":{"start":{"line":76,"column":16},"end":{"line":76,"column":47}},"type":"binary-expr","locations":[{"start":{"line":76,"column":16},"end":{"line":76,"column":35}},{"start":{"line":76,"column":39},"end":{"line":76,"column":47}}]},"30":{"loc":{"start":{"line":77,"column":16},"end":{"line":77,"column":45}},"type":"binary-expr","locations":[{"start":{"line":77,"column":16},"end":{"line":77,"column":39}},{"start":{"line":77,"column":43},"end":{"line":77,"column":45}}]},"31":{"loc":{"start":{"line":78,"column":16},"end":{"line":78,"column":51}},"type":"binary-expr","locations":[{"start":{"line":78,"column":16},"end":{"line":78,"column":39}},{"start":{"line":78,"column":43},"end":{"line":78,"column":51}}]},"32":{"loc":{"start":{"line":79,"column":11},"end":{"line":79,"column":80}},"type":"cond-expr","locations":[{"start":{"line":79,"column":43},"end":{"line":79,"column":72}},{"start":{"line":79,"column":75},"end":{"line":79,"column":80}}]},"33":{"loc":{"start":{"line":88,"column":14},"end":{"line":88,"column":56}},"type":"binary-expr","locations":[{"start":{"line":88,"column":14},"end":{"line":88,"column":37}},{"start":{"line":88,"column":41},"end":{"line":88,"column":56}}]}},"s":{"0":1,"1":1,"2":1,"3":1,"4":1,"5":1,"6":0,"7":1,"8":1,"9":1,"10":0,"11":0,"12":0,"13":0,"14":1,"15":0,"16":1,"17":1,"18":1,"19":0,"20":1,"21":1,"22":1,"23":1,"24":0,"25":1,"26":0,"27":1},"f":{"0":1,"1":1,"2":0,"3":0,"4":1},"b":{"0":[1,1],"1":[0],"2":[1,0,0,0],"3":[1,1],"4":[1,1],"5":[0],"6":[0],"7":[0,0],"8":[0,1],"9":[1,0],"10":[1,0],"11":[0],"12":[1,0,0,0],"13":[1,0],"14":[1,1],"15":[1,1],"16":[1,1],"17":[1,1],"18":[1,1],"19":[1,1],"20":[1,1],"21":[1,1],"22":[1,0],"23":[0,0],"24":[0],"25":[1,0],"26":[0],"27":[0,0],"28":[0,0],"29":[0,0],"30":[0,0],"31":[0,0],"32":[0,0],"33":[1,0]}}
,"C:\\Users\\leifeng\\Documents\\airacm\\backend-pre\\src\\entities.ts": {"path":"C:\\Users\\leifeng\\Documents\\airacm\\backend-pre\\src\\entities.ts","statementMap":{"0":{"start":{"line":1,"column":0},"end":{"line":1,"column":null}},"1":{"start":{"line":17,"column":2},"end":{"line":20,"column":16}},"2":{"start":{"line":31,"column":7},"end":{"line":40,"column":null}},"3":{"start":{"line":31,"column":13},"end":{"line":31,"column":19}},"4":{"start":{"line":33,"column":2},"end":{"line":33,"column":null}},"5":{"start":{"line":36,"column":2},"end":{"line":36,"column":null}},"6":{"start":{"line":39,"column":2},"end":{"line":39,"column":null}},"7":{"start":{"line":31,"column":13},"end":{"line":40,"column":null}},"8":{"start":{"line":44,"column":7},"end":{"line":69,"column":null}},"9":{"start":{"line":44,"column":13},"end":{"line":44,"column":17}},"10":{"start":{"line":46,"column":2},"end":{"line":46,"column":null}},"11":{"start":{"line":49,"column":2},"end":{"line":49,"column":null}},"12":{"start":{"line":52,"column":2},"end":{"line":52,"column":null}},"13":{"start":{"line":55,"column":2},"end":{"line":55,"column":null}},"14":{"start":{"line":58,"column":2},"end":{"line":58,"column":null}},"15":{"start":{"line":61,"column":2},"end":{"line":61,"column":null}},"16":{"start":{"line":65,"column":2},"end":{"line":65,"column":null}},"17":{"start":{"line":68,"column":2},"end":{"line":68,"column":null}},"18":{"start":{"line":44,"column":13},"end":{"line":69,"column":null}},"19":{"start":{"line":73,"column":7},"end":{"line":89,"column":null}},"20":{"start":{"line":73,"column":13},"end":{"line":73,"column":19}},"21":{"start":{"line":75,"column":2},"end":{"line":75,"column":null}},"22":{"start":{"line":78,"column":2},"end":{"line":78,"column":null}},"23":{"start":{"line":81,"column":2},"end":{"line":81,"column":null}},"24":{"start":{"line":85,"column":2},"end":{"line":85,"column":null}},"25":{"start":{"line":88,"column":2},"end":{"line":88,"column":null}},"26":{"start":{"line":73,"column":13},"end":{"line":89,"column":null}},"27":{"start":{"line":95,"column":7},"end":{"line":118,"column":null}},"28":{"start":{"line":95,"column":13},"end":{"line":95,"column":22}},"29":{"start":{"line":97,"column":2},"end":{"line":97,"column":null}},"30":{"start":{"line":100,"column":2},"end":{"line":100,"column":null}},"31":{"start":{"line":103,"column":2},"end":{"line":103,"column":null}},"32":{"start":{"line":106,"column":2},"end":{"line":106,"column":null}},"33":{"start":{"line":110,"column":2},"end":{"line":110,"column":null}},"34":{"start":{"line":114,"column":2},"end":{"line":114,"column":null}},"35":{"start":{"line":117,"column":2},"end":{"line":117,"column":null}},"36":{"start":{"line":95,"column":13},"end":{"line":118,"column":null}},"37":{"start":{"line":122,"column":7},"end":{"line":143,"column":null}},"38":{"start":{"line":122,"column":13},"end":{"line":122,"column":25}},"39":{"start":{"line":124,"column":2},"end":{"line":124,"column":null}},"40":{"start":{"line":127,"column":2},"end":{"line":127,"column":null}},"41":{"start":{"line":130,"column":2},"end":{"line":130,"column":null}},"42":{"start":{"line":133,"column":2},"end":{"line":133,"column":null}},"43":{"start":{"line":136,"column":2},"end":{"line":136,"column":null}},"44":{"start":{"line":139,"column":2},"end":{"line":139,"column":null}},"45":{"start":{"line":142,"column":2},"end":{"line":142,"column":null}},"46":{"start":{"line":122,"column":13},"end":{"line":143,"column":null}},"47":{"start":{"line":147,"column":7},"end":{"line":171,"column":null}},"48":{"start":{"line":147,"column":13},"end":{"line":147,"column":19}},"49":{"start":{"line":149,"column":2},"end":{"line":149,"column":null}},"50":{"start":{"line":152,"column":2},"end":{"line":152,"column":null}},"51":{"start":{"line":155,"column":2},"end":{"line":155,"column":null}},"52":{"start":{"line":158,"column":2},"end":{"line":158,"column":null}},"53":{"start":{"line":161,"column":2},"end":{"line":161,"column":null}},"54":{"start":{"line":164,"column":2},"end":{"line":164,"column":null}},"55":{"start":{"line":167,"column":2},"end":{"line":167,"column":null}},"56":{"start":{"line":170,"column":2},"end":{"line":170,"column":null}},"57":{"start":{"line":147,"column":13},"end":{"line":171,"column":null}},"58":{"start":{"line":175,"column":7},"end":{"line":190,"column":null}},"59":{"start":{"line":175,"column":13},"end":{"line":175,"column":20}},"60":{"start":{"line":177,"column":2},"end":{"line":177,"column":null}},"61":{"start":{"line":180,"column":2},"end":{"line":180,"column":null}},"62":{"start":{"line":183,"column":2},"end":{"line":183,"column":null}},"63":{"start":{"line":186,"column":2},"end":{"line":186,"column":null}},"64":{"start":{"line":189,"column":2},"end":{"line":189,"column":null}},"65":{"start":{"line":175,"column":13},"end":{"line":190,"column":null}},"66":{"start":{"line":194,"column":7},"end":{"line":222,"column":null}},"67":{"start":{"line":194,"column":13},"end":{"line":194,"column":19}},"68":{"start":{"line":196,"column":2},"end":{"line":196,"column":null}},"69":{"start":{"line":199,"column":2},"end":{"line":199,"column":null}},"70":{"start":{"line":202,"column":2},"end":{"line":202,"column":null}},"71":{"start":{"line":205,"column":2},"end":{"line":205,"column":null}},"72":{"start":{"line":208,"column":2},"end":{"line":208,"column":null}},"73":{"start":{"line":211,"column":2},"end":{"line":211,"column":null}},"74":{"start":{"line":214,"column":2},"end":{"line":214,"column":null}},"75":{"start":{"line":217,"column":2},"end":{"line":217,"column":null}},"76":{"start":{"line":221,"column":2},"end":{"line":221,"column":null}},"77":{"start":{"line":194,"column":13},"end":{"line":222,"column":null}},"78":{"start":{"line":227,"column":7},"end":{"line":258,"column":null}},"79":{"start":{"line":227,"column":13},"end":{"line":227,"column":18}},"80":{"start":{"line":229,"column":2},"end":{"line":229,"column":null}},"81":{"start":{"line":232,"column":2},"end":{"line":232,"column":null}},"82":{"start":{"line":235,"column":2},"end":{"line":235,"column":null}},"83":{"start":{"line":238,"column":2},"end":{"line":238,"column":null}},"84":{"start":{"line":241,"column":2},"end":{"line":241,"column":null}},"85":{"start":{"line":244,"column":2},"end":{"line":244,"column":null}},"86":{"start":{"line":247,"column":2},"end":{"line":247,"column":null}},"87":{"start":{"line":251,"column":2},"end":{"line":251,"column":null}},"88":{"start":{"line":254,"column":2},"end":{"line":254,"column":null}},"89":{"start":{"line":257,"column":2},"end":{"line":257,"column":null}},"90":{"start":{"line":227,"column":13},"end":{"line":258,"column":null}},"91":{"start":{"line":265,"column":7},"end":{"line":292,"column":null}},"92":{"start":{"line":265,"column":13},"end":{"line":265,"column":26}},"93":{"start":{"line":267,"column":2},"end":{"line":267,"column":null}},"94":{"start":{"line":270,"column":2},"end":{"line":270,"column":null}},"95":{"start":{"line":273,"column":2},"end":{"line":273,"column":null}},"96":{"start":{"line":276,"column":2},"end":{"line":276,"column":null}},"97":{"start":{"line":279,"column":2},"end":{"line":279,"column":null}},"98":{"start":{"line":282,"column":2},"end":{"line":282,"column":null}},"99":{"start":{"line":285,"column":2},"end":{"line":285,"column":null}},"100":{"start":{"line":288,"column":2},"end":{"line":288,"column":null}},"101":{"start":{"line":291,"column":2},"end":{"line":291,"column":null}},"102":{"start":{"line":265,"column":13},"end":{"line":292,"column":null}},"103":{"start":{"line":296,"column":7},"end":{"line":317,"column":null}},"104":{"start":{"line":296,"column":13},"end":{"line":296,"column":24}},"105":{"start":{"line":298,"column":2},"end":{"line":298,"column":null}},"106":{"start":{"line":301,"column":2},"end":{"line":301,"column":null}},"107":{"start":{"line":304,"column":2},"end":{"line":304,"column":null}},"108":{"start":{"line":307,"column":2},"end":{"line":307,"column":null}},"109":{"start":{"line":310,"column":2},"end":{"line":310,"column":null}},"110":{"start":{"line":313,"column":2},"end":{"line":313,"column":null}},"111":{"start":{"line":316,"column":2},"end":{"line":316,"column":null}},"112":{"start":{"line":296,"column":13},"end":{"line":317,"column":null}},"113":{"start":{"line":321,"column":7},"end":{"line":343,"column":null}},"114":{"start":{"line":321,"column":13},"end":{"line":321,"column":21}},"115":{"start":{"line":323,"column":2},"end":{"line":323,"column":null}},"116":{"start":{"line":326,"column":2},"end":{"line":326,"column":null}},"117":{"start":{"line":329,"column":2},"end":{"line":329,"column":null}},"118":{"start":{"line":332,"column":2},"end":{"line":332,"column":null}},"119":{"start":{"line":335,"column":2},"end":{"line":335,"column":null}},"120":{"start":{"line":339,"column":2},"end":{"line":339,"column":null}},"121":{"start":{"line":342,"column":2},"end":{"line":342,"column":null}},"122":{"start":{"line":321,"column":13},"end":{"line":343,"column":null}},"123":{"start":{"line":345,"column":13},"end":{"line":358,"column":2}}},"fnMap":{},"branchMap":{"0":{"loc":{"start":{"line":17,"column":2},"end":{"line":20,"column":16}},"type":"cond-expr","locations":[{"start":{"line":19,"column":6},"end":{"line":19,"column":19}},{"start":{"line":20,"column":6},"end":{"line":20,"column":16}}]},"1":{"loc":{"start":{"line":17,"column":3},"end":{"line":17,"column":97}},"type":"binary-expr","locations":[{"start":{"line":17,"column":3},"end":{"line":17,"column":22}},{"start":{"line":17,"column":27},"end":{"line":17,"column":96}}]},"2":{"loc":{"start":{"line":17,"column":27},"end":{"line":17,"column":96}},"type":"cond-expr","locations":[{"start":{"line":17,"column":67},"end":{"line":17,"column":77}},{"start":{"line":17,"column":80},"end":{"line":17,"column":96}}]}},"s":{"0":1,"1":1,"2":1,"3":1,"4":1,"5":1,"6":1,"7":1,"8":1,"9":1,"10":1,"11":1,"12":1,"13":1,"14":1,"15":1,"16":1,"17":1,"18":1,"19":1,"20":1,"21":1,"22":1,"23":1,"24":1,"25":1,"26":1,"27":1,"28":1,"29":1,"30":1,"31":1,"32":1,"33":1,"34":1,"35":1,"36":1,"37":1,"38":1,"39":1,"40":1,"41":1,"42":1,"43":1,"44":1,"45":1,"46":1,"47":1,"48":1,"49":1,"50":1,"51":1,"52":1,"53":1,"54":1,"55":1,"56":1,"57":1,"58":1,"59":1,"60":1,"61":1,"62":1,"63":1,"64":1,"65":1,"66":1,"67":1,"68":1,"69":1,"70":1,"71":1,"72":1,"73":1,"74":1,"75":1,"76":1,"77":1,"78":1,"79":1,"80":1,"81":1,"82":1,"83":1,"84":1,"85":1,"86":1,"87":1,"88":1,"89":1,"90":1,"91":1,"92":1,"93":1,"94":1,"95":1,"96":1,"97":1,"98":1,"99":1,"100":1,"101":1,"102":1,"103":1,"104":1,"105":1,"106":1,"107":1,"108":1,"109":1,"110":1,"111":1,"112":1,"113":1,"114":1,"115":1,"116":1,"117":1,"118":1,"119":1,"120":1,"121":1,"122":1,"123":1},"f":{},"b":{"0":[0,1],"1":[1,0],"2":[0,0]}}
,"C:\\Users\\leifeng\\Documents\\airacm\\backend-pre\\src\\modules\\admin.ts": {"path":"C:\\Users\\leifeng\\Documents\\airacm\\backend-pre\\src\\modules\\admin.ts","statementMap":{"0":{"start":{"line":1,"column":0},"end":{"line":1,"column":null}},"1":{"start":{"line":10,"column":0},"end":{"line":10,"column":66}},"2":{"start":{"line":11,"column":0},"end":{"line":11,"column":49}},"3":{"start":{"line":12,"column":0},"end":{"line":12,"column":null}},"4":{"start":{"line":21,"column":0},"end":{"line":21,"column":33}},"5":{"start":{"line":22,"column":0},"end":{"line":22,"column":null}},"6":{"start":{"line":31,"column":0},"end":{"line":31,"column":83}},"7":{"start":{"line":32,"column":0},"end":{"line":32,"column":55}},"8":{"start":{"line":38,"column":2},"end":{"line":38,"column":null}},"9":{"start":{"line":42,"column":2},"end":{"line":42,"column":null}},"10":{"start":{"line":47,"column":2},"end":{"line":47,"column":null}},"11":{"start":{"line":52,"column":2},"end":{"line":52,"column":null}},"12":{"start":{"line":58,"column":2},"end":{"line":58,"column":null}},"13":{"start":{"line":63,"column":2},"end":{"line":63,"column":null}},"14":{"start":{"line":67,"column":2},"end":{"line":67,"column":null}},"15":{"start":{"line":72,"column":2},"end":{"line":72,"column":null}},"16":{"start":{"line":77,"column":2},"end":{"line":77,"column":null}},"17":{"start":{"line":81,"column":2},"end":{"line":81,"column":null}},"18":{"start":{"line":86,"column":2},"end":{"line":86,"column":null}},"19":{"start":{"line":91,"column":2},"end":{"line":91,"column":null}},"20":{"start":{"line":95,"column":2},"end":{"line":95,"column":null}},"21":{"start":{"line":98,"column":2},"end":{"line":98,"column":null}},"22":{"start":{"line":101,"column":2},"end":{"line":101,"column":null}},"23":{"start":{"line":106,"column":2},"end":{"line":106,"column":null}},"24":{"start":{"line":111,"column":2},"end":{"line":111,"column":null}},"25":{"start":{"line":115,"column":7},"end":{"line":215,"column":null}},"26":{"start":{"line":117,"column":53},"end":{"line":117,"column":60}},"27":{"start":{"line":118,"column":47},"end":{"line":118,"column":56}},"28":{"start":{"line":119,"column":48},"end":{"line":119,"column":58}},"29":{"start":{"line":120,"column":47},"end":{"line":120,"column":56}},"30":{"start":{"line":121,"column":45},"end":{"line":121,"column":52}},"31":{"start":{"line":122,"column":21},"end":{"line":122,"column":29}},"32":{"start":{"line":123,"column":21},"end":{"line":123,"column":33}},"33":{"start":{"line":128,"column":33},"end":{"line":128,"column":35}},"34":{"start":{"line":129,"column":34},"end":{"line":129,"column":36}},"35":{"start":{"line":130,"column":4},"end":{"line":136,"column":5}},"36":{"start":{"line":130,"column":17},"end":{"line":130,"column":18}},"37":{"start":{"line":131,"column":19},"end":{"line":131,"column":36}},"38":{"start":{"line":132,"column":6},"end":{"line":132,"column":29}},"39":{"start":{"line":133,"column":6},"end":{"line":135,"column":8}},"40":{"start":{"line":137,"column":4},"end":{"line":137,"column":32}},"41":{"start":{"line":138,"column":4},"end":{"line":138,"column":34}},"42":{"start":{"line":143,"column":4},"end":{"line":143,"column":63}},"43":{"start":{"line":152,"column":19},"end":{"line":152,"column":96}},"44":{"start":{"line":153,"column":4},"end":{"line":153,"column":54}},"45":{"start":{"line":153,"column":17},"end":{"line":153,"column":54}},"46":{"start":{"line":154,"column":18},"end":{"line":154,"column":55}},"47":{"start":{"line":155,"column":20},"end":{"line":156,"column":null}},"48":{"start":{"line":156,"column":6},"end":{"line":156,"column":100}},"49":{"start":{"line":158,"column":4},"end":{"line":158,"column":23}},"50":{"start":{"line":162,"column":4},"end":{"line":170,"column":6}},"51":{"start":{"line":174,"column":19},"end":{"line":176,"column":6}},"52":{"start":{"line":177,"column":4},"end":{"line":177,"column":54}},"53":{"start":{"line":177,"column":17},"end":{"line":177,"column":54}},"54":{"start":{"line":178,"column":20},"end":{"line":184,"column":null}},"55":{"start":{"line":186,"column":4},"end":{"line":186,"column":84}},"56":{"start":{"line":187,"column":4},"end":{"line":187,"column":19}},"57":{"start":{"line":191,"column":20},"end":{"line":193,"column":6}},"58":{"start":{"line":194,"column":4},"end":{"line":194,"column":55}},"59":{"start":{"line":194,"column":18},"end":{"line":194,"column":55}},"60":{"start":{"line":195,"column":19},"end":{"line":205,"column":null}},"61":{"start":{"line":207,"column":19},"end":{"line":209,"column":6}},"62":{"start":{"line":210,"column":4},"end":{"line":212,"column":5}},"63":{"start":{"line":211,"column":6},"end":{"line":211,"column":84}},"64":{"start":{"line":213,"column":4},"end":{"line":213,"column":18}},"65":{"start":{"line":115,"column":13},"end":{"line":115,"column":25}},"66":{"start":{"line":115,"column":13},"end":{"line":215,"column":null}},"67":{"start":{"line":221,"column":7},"end":{"line":248,"column":null}},"68":{"start":{"line":222,"column":31},"end":{"line":222,"column":36}},"69":{"start":{"line":226,"column":4},"end":{"line":226,"column":64}},"70":{"start":{"line":231,"column":4},"end":{"line":231,"column":66}},"71":{"start":{"line":236,"column":4},"end":{"line":236,"column":45}},"72":{"start":{"line":241,"column":4},"end":{"line":241,"column":46}},"73":{"start":{"line":246,"column":4},"end":{"line":246,"column":45}},"74":{"start":{"line":221,"column":13},"end":{"line":221,"column":28}},"75":{"start":{"line":225,"column":2},"end":{"line":227,"column":null}},"76":{"start":{"line":230,"column":2},"end":{"line":232,"column":null}},"77":{"start":{"line":235,"column":2},"end":{"line":237,"column":null}},"78":{"start":{"line":240,"column":2},"end":{"line":242,"column":null}},"79":{"start":{"line":245,"column":2},"end":{"line":247,"column":null}},"80":{"start":{"line":221,"column":13},"end":{"line":248,"column":null}},"81":{"start":{"line":258,"column":7},"end":{"line":258,"column":null}},"82":{"start":{"line":258,"column":13},"end":{"line":258,"column":24}},"83":{"start":{"line":258,"column":13},"end":{"line":258,"column":null}}},"fnMap":{"0":{"name":"(anonymous_13)","decl":{"start":{"line":116,"column":2},"end":{"line":116,"column":null}},"loc":{"start":{"line":123,"column":43},"end":{"line":124,"column":6}}},"1":{"name":"(anonymous_14)","decl":{"start":{"line":127,"column":2},"end":{"line":127,"column":7}},"loc":{"start":{"line":127,"column":68},"end":{"line":139,"column":3}}},"2":{"name":"(anonymous_15)","decl":{"start":{"line":141,"column":10},"end":{"line":141,"column":20}},"loc":{"start":{"line":141,"column":20},"end":{"line":144,"column":3}}},"3":{"name":"(anonymous_16)","decl":{"start":{"line":147,"column":2},"end":{"line":147,"column":7}},"loc":{"start":{"line":150,"column":18},"end":{"line":159,"column":3}}},"4":{"name":"(anonymous_17)","decl":{"start":{"line":155,"column":54},"end":{"line":155,"column":55}},"loc":{"start":{"line":156,"column":6},"end":{"line":156,"column":100}}},"5":{"name":"(anonymous_18)","decl":{"start":{"line":161,"column":2},"end":{"line":161,"column":7}},"loc":{"start":{"line":161,"column":58},"end":{"line":171,"column":3}}},"6":{"name":"(anonymous_19)","decl":{"start":{"line":173,"column":2},"end":{"line":173,"column":7}},"loc":{"start":{"line":173,"column":60},"end":{"line":188,"column":3}}},"7":{"name":"(anonymous_20)","decl":{"start":{"line":190,"column":2},"end":{"line":190,"column":7}},"loc":{"start":{"line":190,"column":58},"end":{"line":214,"column":3}}},"8":{"name":"(anonymous_21)","decl":{"start":{"line":222,"column":2},"end":{"line":222,"column":31}},"loc":{"start":{"line":222,"column":48},"end":{"line":222,"column":52}}},"9":{"name":"(anonymous_22)","decl":{"start":{"line":225,"column":2},"end":{"line":225,"column":10}},"loc":{"start":{"line":225,"column":67},"end":{"line":227,"column":3}}},"10":{"name":"(anonymous_23)","decl":{"start":{"line":230,"column":2},"end":{"line":230,"column":16}},"loc":{"start":{"line":230,"column":79},"end":{"line":232,"column":3}}},"11":{"name":"(anonymous_24)","decl":{"start":{"line":235,"column":2},"end":{"line":235,"column":14}},"loc":{"start":{"line":235,"column":75},"end":{"line":237,"column":3}}},"12":{"name":"(anonymous_25)","decl":{"start":{"line":240,"column":2},"end":{"line":240,"column":15}},"loc":{"start":{"line":240,"column":77},"end":{"line":242,"column":3}}},"13":{"name":"(anonymous_26)","decl":{"start":{"line":245,"column":2},"end":{"line":245,"column":14}},"loc":{"start":{"line":245,"column":75},"end":{"line":247,"column":3}}}},"branchMap":{"0":{"loc":{"start":{"line":153,"column":4},"end":{"line":153,"column":54}},"type":"if","locations":[{"start":{"line":153,"column":4},"end":{"line":153,"column":54}}]},"1":{"loc":{"start":{"line":166,"column":17},"end":{"line":166,"column":34}},"type":"binary-expr","locations":[{"start":{"line":166,"column":17},"end":{"line":166,"column":28}},{"start":{"line":166,"column":32},"end":{"line":166,"column":34}}]},"2":{"loc":{"start":{"line":168,"column":23},"end":{"line":168,"column":53}},"type":"binary-expr","locations":[{"start":{"line":168,"column":23},"end":{"line":168,"column":40}},{"start":{"line":168,"column":44},"end":{"line":168,"column":53}}]},"3":{"loc":{"start":{"line":177,"column":4},"end":{"line":177,"column":54}},"type":"if","locations":[{"start":{"line":177,"column":4},"end":{"line":177,"column":54}}]},"4":{"loc":{"start":{"line":183,"column":15},"end":{"line":183,"column":29}},"type":"binary-expr","locations":[{"start":{"line":183,"column":15},"end":{"line":183,"column":24}},{"start":{"line":183,"column":28},"end":{"line":183,"column":29}}]},"5":{"loc":{"start":{"line":194,"column":4},"end":{"line":194,"column":55}},"type":"if","locations":[{"start":{"line":194,"column":4},"end":{"line":194,"column":55}}]},"6":{"loc":{"start":{"line":203,"column":15},"end":{"line":203,"column":29}},"type":"binary-expr","locations":[{"start":{"line":203,"column":15},"end":{"line":203,"column":24}},{"start":{"line":203,"column":28},"end":{"line":203,"column":29}}]},"7":{"loc":{"start":{"line":204,"column":18},"end":{"line":204,"column":35}},"type":"binary-expr","locations":[{"start":{"line":204,"column":18},"end":{"line":204,"column":30}},{"start":{"line":204,"column":34},"end":{"line":204,"column":35}}]},"8":{"loc":{"start":{"line":210,"column":4},"end":{"line":212,"column":5}},"type":"if","locations":[{"start":{"line":210,"column":4},"end":{"line":212,"column":5}}]}},"s":{"0":1,"1":1,"2":1,"3":1,"4":1,"5":1,"6":1,"7":1,"8":1,"9":1,"10":1,"11":1,"12":1,"13":1,"14":1,"15":1,"16":1,"17":1,"18":1,"19":1,"20":1,"21":1,"22":1,"23":1,"24":1,"25":1,"26":1,"27":1,"28":1,"29":1,"30":1,"31":1,"32":1,"33":2,"34":2,"35":2,"36":2,"37":4,"38":4,"39":4,"40":2,"41":2,"42":4,"43":0,"44":0,"45":0,"46":0,"47":0,"48":0,"49":0,"50":0,"51":0,"52":0,"53":0,"54":0,"55":0,"56":0,"57":0,"58":0,"59":0,"60":0,"61":0,"62":0,"63":0,"64":0,"65":1,"66":1,"67":1,"68":1,"69":2,"70":0,"71":0,"72":0,"73":0,"74":1,"75":1,"76":1,"77":1,"78":1,"79":1,"80":1,"81":1,"82":1,"83":1},"f":{"0":1,"1":2,"2":4,"3":0,"4":0,"5":0,"6":0,"7":0,"8":1,"9":2,"10":0,"11":0,"12":0,"13":0},"b":{"0":[0],"1":[0,0],"2":[0,0],"3":[0],"4":[0,0],"5":[0],"6":[0,0],"7":[0,0],"8":[0]}}
,"C:\\Users\\leifeng\\Documents\\airacm\\backend-pre\\src\\modules\\auth.ts": {"path":"C:\\Users\\leifeng\\Documents\\airacm\\backend-pre\\src\\modules\\auth.ts","statementMap":{"0":{"start":{"line":1,"column":0},"end":{"line":1,"column":null}},"1":{"start":{"line":10,"column":0},"end":{"line":10,"column":66}},"2":{"start":{"line":11,"column":0},"end":{"line":11,"column":52}},"3":{"start":{"line":12,"column":0},"end":{"line":12,"column":37}},"4":{"start":{"line":13,"column":0},"end":{"line":13,"column":94}},"5":{"start":{"line":14,"column":0},"end":{"line":14,"column":45}},"6":{"start":{"line":15,"column":0},"end":{"line":15,"column":35}},"7":{"start":{"line":16,"column":0},"end":{"line":16,"column":51}},"8":{"start":{"line":17,"column":0},"end":{"line":17,"column":48}},"9":{"start":{"line":18,"column":0},"end":{"line":18,"column":32}},"10":{"start":{"line":21,"column":17},"end":{"line":21,"column":32}},"11":{"start":{"line":26,"column":2},"end":{"line":26,"column":null}},"12":{"start":{"line":30,"column":2},"end":{"line":30,"column":null}},"13":{"start":{"line":35,"column":2},"end":{"line":35,"column":null}},"14":{"start":{"line":40,"column":2},"end":{"line":40,"column":null}},"15":{"start":{"line":46,"column":2},"end":{"line":46,"column":null}},"16":{"start":{"line":50,"column":2},"end":{"line":50,"column":null}},"17":{"start":{"line":55,"column":2},"end":{"line":55,"column":null}},"18":{"start":{"line":59,"column":7},"end":{"line":140,"column":null}},"19":{"start":{"line":61,"column":45},"end":{"line":61,"column":52}},"20":{"start":{"line":62,"column":47},"end":{"line":62,"column":56}},"21":{"start":{"line":63,"column":47},"end":{"line":63,"column":56}},"22":{"start":{"line":64,"column":21},"end":{"line":64,"column":26}},"23":{"start":{"line":69,"column":4},"end":{"line":69,"column":57}},"24":{"start":{"line":69,"column":25},"end":{"line":69,"column":57}},"25":{"start":{"line":70,"column":4},"end":{"line":70,"column":17}},"26":{"start":{"line":74,"column":19},"end":{"line":74,"column":74}},"27":{"start":{"line":75,"column":4},"end":{"line":77,"column":5}},"28":{"start":{"line":76,"column":6},"end":{"line":76,"column":101}},"29":{"start":{"line":81,"column":4},"end":{"line":83,"column":5}},"30":{"start":{"line":82,"column":6},"end":{"line":82,"column":45}},"31":{"start":{"line":84,"column":21},"end":{"line":84,"column":40}},"32":{"start":{"line":85,"column":4},"end":{"line":85,"column":38}},"33":{"start":{"line":87,"column":21},"end":{"line":87,"column":88}},"34":{"start":{"line":88,"column":4},"end":{"line":90,"column":5}},"35":{"start":{"line":89,"column":6},"end":{"line":89,"column":47}},"36":{"start":{"line":91,"column":25},"end":{"line":91,"column":60}},"37":{"start":{"line":92,"column":17},"end":{"line":99,"column":null}},"38":{"start":{"line":102,"column":4},"end":{"line":102,"column":92}},"39":{"start":{"line":104,"column":4},"end":{"line":104,"column":98}},"40":{"start":{"line":108,"column":21},"end":{"line":108,"column":40}},"41":{"start":{"line":109,"column":17},"end":{"line":109,"column":84}},"42":{"start":{"line":110,"column":4},"end":{"line":112,"column":5}},"43":{"start":{"line":111,"column":6},"end":{"line":111,"column":50}},"44":{"start":{"line":113,"column":4},"end":{"line":113,"column":98}},"45":{"start":{"line":118,"column":21},"end":{"line":118,"column":40}},"46":{"start":{"line":119,"column":4},"end":{"line":119,"column":38}},"47":{"start":{"line":120,"column":19},"end":{"line":120,"column":43}},"48":{"start":{"line":121,"column":15},"end":{"line":121,"column":72}},"49":{"start":{"line":122,"column":4},"end":{"line":133,"column":5}},"50":{"start":{"line":123,"column":6},"end":{"line":131,"column":8}},"51":{"start":{"line":132,"column":6},"end":{"line":132,"column":94}},"52":{"start":{"line":134,"column":4},"end":{"line":134,"column":98}},"53":{"start":{"line":138,"column":4},"end":{"line":138,"column":37}},"54":{"start":{"line":59,"column":13},"end":{"line":59,"column":24}},"55":{"start":{"line":59,"column":13},"end":{"line":140,"column":null}},"56":{"start":{"line":145,"column":7},"end":{"line":162,"column":null}},"57":{"start":{"line":146,"column":31},"end":{"line":146,"column":36}},"58":{"start":{"line":150,"column":4},"end":{"line":150,"column":34}},"59":{"start":{"line":155,"column":4},"end":{"line":155,"column":31}},"60":{"start":{"line":160,"column":4},"end":{"line":160,"column":37}},"61":{"start":{"line":145,"column":13},"end":{"line":145,"column":27}},"62":{"start":{"line":149,"column":2},"end":{"line":151,"column":null}},"63":{"start":{"line":154,"column":2},"end":{"line":156,"column":null}},"64":{"start":{"line":159,"column":2},"end":{"line":161,"column":null}},"65":{"start":{"line":145,"column":13},"end":{"line":162,"column":null}},"66":{"start":{"line":172,"column":7},"end":{"line":172,"column":null}},"67":{"start":{"line":172,"column":13},"end":{"line":172,"column":23}},"68":{"start":{"line":172,"column":13},"end":{"line":172,"column":null}}},"fnMap":{"0":{"name":"(anonymous_13)","decl":{"start":{"line":60,"column":2},"end":{"line":60,"column":null}},"loc":{"start":{"line":64,"column":36},"end":{"line":65,"column":6}}},"1":{"name":"(anonymous_14)","decl":{"start":{"line":68,"column":10},"end":{"line":68,"column":23}},"loc":{"start":{"line":68,"column":36},"end":{"line":71,"column":3}}},"2":{"name":"(anonymous_15)","decl":{"start":{"line":73,"column":10},"end":{"line":73,"column":15}},"loc":{"start":{"line":73,"column":45},"end":{"line":78,"column":3}}},"3":{"name":"(anonymous_16)","decl":{"start":{"line":80,"column":2},"end":{"line":80,"column":7}},"loc":{"start":{"line":80,"column":33},"end":{"line":105,"column":3}}},"4":{"name":"(anonymous_17)","decl":{"start":{"line":107,"column":2},"end":{"line":107,"column":7}},"loc":{"start":{"line":107,"column":27},"end":{"line":114,"column":3}}},"5":{"name":"(anonymous_18)","decl":{"start":{"line":117,"column":2},"end":{"line":117,"column":7}},"loc":{"start":{"line":117,"column":39},"end":{"line":135,"column":3}}},"6":{"name":"(anonymous_19)","decl":{"start":{"line":137,"column":10},"end":{"line":137,"column":15}},"loc":{"start":{"line":137,"column":30},"end":{"line":139,"column":3}}},"7":{"name":"(anonymous_20)","decl":{"start":{"line":146,"column":2},"end":{"line":146,"column":31}},"loc":{"start":{"line":146,"column":47},"end":{"line":146,"column":51}}},"8":{"name":"(anonymous_21)","decl":{"start":{"line":149,"column":2},"end":{"line":149,"column":10}},"loc":{"start":{"line":149,"column":35},"end":{"line":151,"column":3}}},"9":{"name":"(anonymous_22)","decl":{"start":{"line":154,"column":2},"end":{"line":154,"column":7}},"loc":{"start":{"line":154,"column":29},"end":{"line":156,"column":3}}},"10":{"name":"(anonymous_23)","decl":{"start":{"line":159,"column":2},"end":{"line":159,"column":8}},"loc":{"start":{"line":159,"column":36},"end":{"line":161,"column":3}}}},"branchMap":{"0":{"loc":{"start":{"line":69,"column":4},"end":{"line":69,"column":57}},"type":"if","locations":[{"start":{"line":69,"column":4},"end":{"line":69,"column":57}}]},"1":{"loc":{"start":{"line":75,"column":4},"end":{"line":77,"column":5}},"type":"if","locations":[{"start":{"line":75,"column":4},"end":{"line":77,"column":5}}]},"2":{"loc":{"start":{"line":81,"column":4},"end":{"line":83,"column":5}},"type":"if","locations":[{"start":{"line":81,"column":4},"end":{"line":83,"column":5}}]},"3":{"loc":{"start":{"line":88,"column":4},"end":{"line":90,"column":5}},"type":"if","locations":[{"start":{"line":88,"column":4},"end":{"line":90,"column":5}}]},"4":{"loc":{"start":{"line":96,"column":18},"end":{"line":96,"column":60}},"type":"binary-expr","locations":[{"start":{"line":96,"column":18},"end":{"line":96,"column":30}},{"start":{"line":96,"column":34},"end":{"line":96,"column":60}}]},"5":{"loc":{"start":{"line":110,"column":4},"end":{"line":112,"column":5}},"type":"if","locations":[{"start":{"line":110,"column":4},"end":{"line":112,"column":5}}]},"6":{"loc":{"start":{"line":110,"column":8},"end":{"line":110,"column":73}},"type":"binary-expr","locations":[{"start":{"line":110,"column":8},"end":{"line":110,"column":13}},{"start":{"line":110,"column":17},"end":{"line":110,"column":73}}]},"7":{"loc":{"start":{"line":122,"column":4},"end":{"line":133,"column":5}},"type":"if","locations":[{"start":{"line":122,"column":4},"end":{"line":133,"column":5}}]}},"s":{"0":1,"1":1,"2":1,"3":1,"4":1,"5":1,"6":1,"7":1,"8":1,"9":1,"10":1,"11":1,"12":1,"13":1,"14":1,"15":1,"16":1,"17":1,"18":1,"19":1,"20":1,"21":1,"22":1,"23":0,"24":0,"25":0,"26":0,"27":0,"28":0,"29":0,"30":0,"31":0,"32":0,"33":0,"34":0,"35":0,"36":0,"37":0,"38":0,"39":0,"40":0,"41":0,"42":0,"43":0,"44":0,"45":0,"46":0,"47":0,"48":0,"49":0,"50":0,"51":0,"52":0,"53":0,"54":1,"55":1,"56":1,"57":1,"58":0,"59":0,"60":0,"61":1,"62":1,"63":1,"64":1,"65":1,"66":1,"67":1,"68":1},"f":{"0":1,"1":0,"2":0,"3":0,"4":0,"5":0,"6":0,"7":1,"8":0,"9":0,"10":0},"b":{"0":[0],"1":[0],"2":[0],"3":[0],"4":[0,0],"5":[0],"6":[0,0],"7":[0]}}
,"C:\\Users\\leifeng\\Documents\\airacm\\backend-pre\\src\\modules\\course.ts": {"path":"C:\\Users\\leifeng\\Documents\\airacm\\backend-pre\\src\\modules\\course.ts","statementMap":{"0":{"start":{"line":1,"column":0},"end":{"line":1,"column":null}},"1":{"start":{"line":11,"column":0},"end":{"line":11,"column":66}},"2":{"start":{"line":12,"column":0},"end":{"line":12,"column":37}},"3":{"start":{"line":13,"column":0},"end":{"line":13,"column":67}},"4":{"start":{"line":15,"column":0},"end":{"line":15,"column":64}},"5":{"start":{"line":35,"column":7},"end":{"line":126,"column":null}},"6":{"start":{"line":37,"column":47},"end":{"line":37,"column":56}},"7":{"start":{"line":38,"column":48},"end":{"line":38,"column":58}},"8":{"start":{"line":39,"column":47},"end":{"line":39,"column":56}},"9":{"start":{"line":40,"column":52},"end":{"line":40,"column":66}},"10":{"start":{"line":44,"column":14},"end":{"line":46,"column":6}},"11":{"start":{"line":47,"column":4},"end":{"line":47,"column":15}},"12":{"start":{"line":53,"column":4},"end":{"line":53,"column":39}},"13":{"start":{"line":53,"column":27},"end":{"line":53,"column":39}},"14":{"start":{"line":54,"column":4},"end":{"line":54,"column":59}},"15":{"start":{"line":54,"column":47},"end":{"line":54,"column":59}},"16":{"start":{"line":55,"column":4},"end":{"line":55,"column":43}},"17":{"start":{"line":55,"column":31},"end":{"line":55,"column":43}},"18":{"start":{"line":56,"column":4},"end":{"line":56,"column":17}},"19":{"start":{"line":60,"column":4},"end":{"line":60,"column":94}},"20":{"start":{"line":68,"column":19},"end":{"line":70,"column":6}},"21":{"start":{"line":71,"column":4},"end":{"line":71,"column":54}},"22":{"start":{"line":71,"column":17},"end":{"line":71,"column":54}},"23":{"start":{"line":73,"column":21},"end":{"line":76,"column":6}},"24":{"start":{"line":77,"column":20},"end":{"line":80,"column":6}},"25":{"start":{"line":81,"column":18},"end":{"line":81,"column":55}},"26":{"start":{"line":83,"column":22},"end":{"line":83,"column":53}},"27":{"start":{"line":84,"column":4},"end":{"line":97,"column":5}},"28":{"start":{"line":85,"column":31},"end":{"line":93,"column":8}},"29":{"start":{"line":94,"column":18},"end":{"line":94,"column":50}},"30":{"start":{"line":95,"column":6},"end":{"line":95,"column":21}},"31":{"start":{"line":96,"column":6},"end":{"line":96,"column":38}},"32":{"start":{"line":99,"column":40},"end":{"line":104,"column":7}},"33":{"start":{"line":99,"column":61},"end":{"line":104,"column":6}},"34":{"start":{"line":106,"column":4},"end":{"line":106,"column":53}},"35":{"start":{"line":114,"column":19},"end":{"line":116,"column":6}},"36":{"start":{"line":117,"column":4},"end":{"line":117,"column":54}},"37":{"start":{"line":117,"column":17},"end":{"line":117,"column":54}},"38":{"start":{"line":118,"column":17},"end":{"line":118,"column":61}},"39":{"start":{"line":119,"column":4},"end":{"line":121,"column":5}},"40":{"start":{"line":120,"column":6},"end":{"line":120,"column":53}},"41":{"start":{"line":123,"column":20},"end":{"line":123,"column":85}},"42":{"start":{"line":124,"column":4},"end":{"line":124,"column":31}},"43":{"start":{"line":35,"column":13},"end":{"line":35,"column":26}},"44":{"start":{"line":35,"column":13},"end":{"line":126,"column":null}},"45":{"start":{"line":130,"column":7},"end":{"line":147,"column":null}},"46":{"start":{"line":131,"column":31},"end":{"line":131,"column":36}},"47":{"start":{"line":135,"column":4},"end":{"line":135,"column":31}},"48":{"start":{"line":140,"column":4},"end":{"line":140,"column":37}},"49":{"start":{"line":145,"column":4},"end":{"line":145,"column":43}},"50":{"start":{"line":130,"column":13},"end":{"line":130,"column":29}},"51":{"start":{"line":134,"column":2},"end":{"line":136,"column":null}},"52":{"start":{"line":139,"column":2},"end":{"line":141,"column":null}},"53":{"start":{"line":144,"column":2},"end":{"line":146,"column":null}},"54":{"start":{"line":130,"column":13},"end":{"line":147,"column":null}},"55":{"start":{"line":155,"column":7},"end":{"line":155,"column":null}},"56":{"start":{"line":155,"column":13},"end":{"line":155,"column":25}},"57":{"start":{"line":155,"column":13},"end":{"line":155,"column":null}}},"fnMap":{"0":{"name":"(anonymous_4)","decl":{"start":{"line":36,"column":2},"end":{"line":36,"column":null}},"loc":{"start":{"line":40,"column":89},"end":{"line":41,"column":6}}},"1":{"name":"(anonymous_5)","decl":{"start":{"line":43,"column":2},"end":{"line":43,"column":7}},"loc":{"start":{"line":43,"column":51},"end":{"line":48,"column":3}}},"2":{"name":"(anonymous_6)","decl":{"start":{"line":52,"column":10},"end":{"line":52,"column":17}},"loc":{"start":{"line":52,"column":53},"end":{"line":57,"column":3}}},"3":{"name":"(anonymous_7)","decl":{"start":{"line":59,"column":2},"end":{"line":59,"column":7}},"loc":{"start":{"line":59,"column":27},"end":{"line":61,"column":3}}},"4":{"name":"(anonymous_8)","decl":{"start":{"line":64,"column":2},"end":{"line":64,"column":7}},"loc":{"start":{"line":66,"column":20},"end":{"line":107,"column":3}}},"5":{"name":"(anonymous_9)","decl":{"start":{"line":99,"column":53},"end":{"line":99,"column":54}},"loc":{"start":{"line":99,"column":61},"end":{"line":104,"column":6}}},"6":{"name":"(anonymous_10)","decl":{"start":{"line":110,"column":2},"end":{"line":110,"column":7}},"loc":{"start":{"line":112,"column":20},"end":{"line":125,"column":3}}},"7":{"name":"(anonymous_11)","decl":{"start":{"line":131,"column":2},"end":{"line":131,"column":31}},"loc":{"start":{"line":131,"column":49},"end":{"line":131,"column":53}}},"8":{"name":"(anonymous_12)","decl":{"start":{"line":134,"column":2},"end":{"line":134,"column":6}},"loc":{"start":{"line":134,"column":36},"end":{"line":136,"column":3}}},"9":{"name":"(anonymous_13)","decl":{"start":{"line":139,"column":2},"end":{"line":139,"column":8}},"loc":{"start":{"line":139,"column":63},"end":{"line":141,"column":3}}},"10":{"name":"(anonymous_14)","decl":{"start":{"line":144,"column":2},"end":{"line":144,"column":8}},"loc":{"start":{"line":144,"column":63},"end":{"line":146,"column":3}}}},"branchMap":{"0":{"loc":{"start":{"line":53,"column":4},"end":{"line":53,"column":39}},"type":"if","locations":[{"start":{"line":53,"column":4},"end":{"line":53,"column":39}}]},"1":{"loc":{"start":{"line":54,"column":4},"end":{"line":54,"column":59}},"type":"if","locations":[{"start":{"line":54,"column":4},"end":{"line":54,"column":59}}]},"2":{"loc":{"start":{"line":54,"column":8},"end":{"line":54,"column":45}},"type":"binary-expr","locations":[{"start":{"line":54,"column":8},"end":{"line":54,"column":25}},{"start":{"line":54,"column":29},"end":{"line":54,"column":45}}]},"3":{"loc":{"start":{"line":55,"column":4},"end":{"line":55,"column":43}},"type":"if","locations":[{"start":{"line":55,"column":4},"end":{"line":55,"column":43}}]},"4":{"loc":{"start":{"line":71,"column":4},"end":{"line":71,"column":54}},"type":"if","locations":[{"start":{"line":71,"column":4},"end":{"line":71,"column":54}}]},"5":{"loc":{"start":{"line":94,"column":18},"end":{"line":94,"column":50}},"type":"binary-expr","locations":[{"start":{"line":94,"column":18},"end":{"line":94,"column":44}},{"start":{"line":94,"column":48},"end":{"line":94,"column":50}}]},"6":{"loc":{"start":{"line":103,"column":15},"end":{"line":103,"column":40}},"type":"binary-expr","locations":[{"start":{"line":103,"column":15},"end":{"line":103,"column":34}},{"start":{"line":103,"column":38},"end":{"line":103,"column":40}}]},"7":{"loc":{"start":{"line":117,"column":4},"end":{"line":117,"column":54}},"type":"if","locations":[{"start":{"line":117,"column":4},"end":{"line":117,"column":54}}]},"8":{"loc":{"start":{"line":119,"column":4},"end":{"line":121,"column":5}},"type":"if","locations":[{"start":{"line":119,"column":4},"end":{"line":121,"column":5}}]}},"s":{"0":1,"1":1,"2":1,"3":1,"4":1,"5":1,"6":1,"7":1,"8":1,"9":1,"10":2,"11":2,"12":2,"13":1,"14":1,"15":1,"16":0,"17":0,"18":0,"19":0,"20":0,"21":0,"22":0,"23":0,"24":0,"25":0,"26":0,"27":0,"28":0,"29":0,"30":0,"31":0,"32":0,"33":0,"34":0,"35":2,"36":2,"37":0,"38":2,"39":2,"40":1,"41":1,"42":1,"43":1,"44":1,"45":1,"46":1,"47":0,"48":0,"49":0,"50":1,"51":1,"52":1,"53":1,"54":1,"55":1,"56":1,"57":1},"f":{"0":1,"1":2,"2":2,"3":0,"4":0,"5":0,"6":2,"7":1,"8":0,"9":0,"10":0},"b":{"0":[1],"1":[1],"2":[1,0],"3":[0],"4":[0],"5":[0,0],"6":[0,0],"7":[0],"8":[1]}}
,"C:\\Users\\leifeng\\Documents\\airacm\\backend-pre\\src\\modules\\order.ts": {"path":"C:\\Users\\leifeng\\Documents\\airacm\\backend-pre\\src\\modules\\order.ts","statementMap":{"0":{"start":{"line":1,"column":0},"end":{"line":1,"column":null}},"1":{"start":{"line":13,"column":0},"end":{"line":13,"column":66}},"2":{"start":{"line":14,"column":0},"end":{"line":14,"column":49}},"3":{"start":{"line":15,"column":0},"end":{"line":15,"column":67}},"4":{"start":{"line":16,"column":0},"end":{"line":16,"column":41}},"5":{"start":{"line":17,"column":0},"end":{"line":17,"column":57}},"6":{"start":{"line":18,"column":0},"end":{"line":18,"column":64}},"7":{"start":{"line":19,"column":0},"end":{"line":19,"column":55}},"8":{"start":{"line":23,"column":2},"end":{"line":23,"column":null}},"9":{"start":{"line":31,"column":2},"end":{"line":31,"column":null}},"10":{"start":{"line":28,"column":14},"end":{"line":28,"column":20}},"11":{"start":{"line":37,"column":2},"end":{"line":37,"column":null}},"12":{"start":{"line":34,"column":14},"end":{"line":34,"column":20}},"13":{"start":{"line":41,"column":7},"end":{"line":108,"column":null}},"14":{"start":{"line":43,"column":46},"end":{"line":43,"column":54}},"15":{"start":{"line":44,"column":47},"end":{"line":44,"column":56}},"16":{"start":{"line":45,"column":52},"end":{"line":45,"column":66}},"17":{"start":{"line":46,"column":21},"end":{"line":46,"column":29}},"18":{"start":{"line":47,"column":21},"end":{"line":47,"column":33}},"19":{"start":{"line":53,"column":19},"end":{"line":55,"column":6}},"20":{"start":{"line":56,"column":4},"end":{"line":56,"column":54}},"21":{"start":{"line":56,"column":17},"end":{"line":56,"column":54}},"22":{"start":{"line":58,"column":18},"end":{"line":60,"column":6}},"23":{"start":{"line":61,"column":4},"end":{"line":61,"column":62}},"24":{"start":{"line":61,"column":15},"end":{"line":61,"column":62}},"25":{"start":{"line":63,"column":4},"end":{"line":91,"column":7}},"26":{"start":{"line":64,"column":20},"end":{"line":72,"column":null}},"27":{"start":{"line":76,"column":6},"end":{"line":76,"column":71}},"28":{"start":{"line":78,"column":6},"end":{"line":86,"column":8}},"29":{"start":{"line":88,"column":6},"end":{"line":88,"column":28}},"30":{"start":{"line":89,"column":6},"end":{"line":89,"column":32}},"31":{"start":{"line":90,"column":6},"end":{"line":90,"column":27}},"32":{"start":{"line":98,"column":17},"end":{"line":98,"column":32}},"33":{"start":{"line":99,"column":18},"end":{"line":99,"column":35}},"34":{"start":{"line":100,"column":27},"end":{"line":105,"column":6}},"35":{"start":{"line":106,"column":4},"end":{"line":106,"column":41}},"36":{"start":{"line":41,"column":13},"end":{"line":41,"column":25}},"37":{"start":{"line":41,"column":13},"end":{"line":108,"column":null}},"38":{"start":{"line":112,"column":7},"end":{"line":124,"column":null}},"39":{"start":{"line":113,"column":31},"end":{"line":113,"column":36}},"40":{"start":{"line":117,"column":4},"end":{"line":117,"column":58}},"41":{"start":{"line":122,"column":4},"end":{"line":122,"column":38}},"42":{"start":{"line":112,"column":13},"end":{"line":112,"column":28}},"43":{"start":{"line":116,"column":2},"end":{"line":118,"column":null}},"44":{"start":{"line":121,"column":2},"end":{"line":123,"column":null}},"45":{"start":{"line":112,"column":13},"end":{"line":124,"column":null}},"46":{"start":{"line":132,"column":7},"end":{"line":132,"column":null}},"47":{"start":{"line":132,"column":13},"end":{"line":132,"column":24}},"48":{"start":{"line":132,"column":13},"end":{"line":132,"column":null}}},"fnMap":{"0":{"name":"(anonymous_4)","decl":{"start":{"line":28,"column":8},"end":{"line":28,"column":11}},"loc":{"start":{"line":28,"column":14},"end":{"line":28,"column":20}}},"1":{"name":"(anonymous_5)","decl":{"start":{"line":34,"column":8},"end":{"line":34,"column":11}},"loc":{"start":{"line":34,"column":14},"end":{"line":34,"column":20}}},"2":{"name":"(anonymous_6)","decl":{"start":{"line":42,"column":2},"end":{"line":42,"column":null}},"loc":{"start":{"line":47,"column":43},"end":{"line":48,"column":6}}},"3":{"name":"(anonymous_7)","decl":{"start":{"line":52,"column":2},"end":{"line":52,"column":7}},"loc":{"start":{"line":52,"column":58},"end":{"line":92,"column":3}}},"4":{"name":"(anonymous_8)","decl":{"start":{"line":63,"column":39},"end":{"line":63,"column":44}},"loc":{"start":{"line":63,"column":51},"end":{"line":91,"column":5}}},"5":{"name":"(anonymous_9)","decl":{"start":{"line":94,"column":2},"end":{"line":94,"column":7}},"loc":{"start":{"line":96,"column":24},"end":{"line":107,"column":3}}},"6":{"name":"(anonymous_10)","decl":{"start":{"line":113,"column":2},"end":{"line":113,"column":31}},"loc":{"start":{"line":113,"column":48},"end":{"line":113,"column":52}}},"7":{"name":"(anonymous_11)","decl":{"start":{"line":116,"column":2},"end":{"line":116,"column":8}},"loc":{"start":{"line":116,"column":67},"end":{"line":118,"column":3}}},"8":{"name":"(anonymous_12)","decl":{"start":{"line":121,"column":2},"end":{"line":121,"column":6}},"loc":{"start":{"line":121,"column":67},"end":{"line":123,"column":3}}}},"branchMap":{"0":{"loc":{"start":{"line":56,"column":4},"end":{"line":56,"column":54}},"type":"if","locations":[{"start":{"line":56,"column":4},"end":{"line":56,"column":54}}]},"1":{"loc":{"start":{"line":61,"column":4},"end":{"line":61,"column":62}},"type":"if","locations":[{"start":{"line":61,"column":4},"end":{"line":61,"column":62}}]},"2":{"loc":{"start":{"line":98,"column":17},"end":{"line":98,"column":32}},"type":"binary-expr","locations":[{"start":{"line":98,"column":17},"end":{"line":98,"column":27}},{"start":{"line":98,"column":31},"end":{"line":98,"column":32}}]},"3":{"loc":{"start":{"line":99,"column":18},"end":{"line":99,"column":35}},"type":"binary-expr","locations":[{"start":{"line":99,"column":18},"end":{"line":99,"column":29}},{"start":{"line":99,"column":33},"end":{"line":99,"column":35}}]}},"s":{"0":1,"1":1,"2":1,"3":1,"4":1,"5":1,"6":1,"7":1,"8":1,"9":1,"10":0,"11":1,"12":0,"13":1,"14":1,"15":1,"16":1,"17":1,"18":1,"19":5,"20":5,"21":0,"22":5,"23":5,"24":1,"25":4,"26":3,"27":3,"28":2,"29":2,"30":2,"31":2,"32":0,"33":0,"34":0,"35":0,"36":1,"37":1,"38":1,"39":1,"40":0,"41":0,"42":1,"43":1,"44":1,"45":1,"46":1,"47":1,"48":1},"f":{"0":0,"1":0,"2":1,"3":5,"4":3,"5":0,"6":1,"7":0,"8":0},"b":{"0":[0],"1":[1],"2":[0,0],"3":[0,0]}}
,"C:\\Users\\leifeng\\Documents\\airacm\\backend-pre\\src\\modules\\payment.ts": {"path":"C:\\Users\\leifeng\\Documents\\airacm\\backend-pre\\src\\modules\\payment.ts","statementMap":{"0":{"start":{"line":1,"column":0},"end":{"line":1,"column":null}},"1":{"start":{"line":11,"column":0},"end":{"line":11,"column":66}},"2":{"start":{"line":12,"column":0},"end":{"line":12,"column":67}},"3":{"start":{"line":13,"column":0},"end":{"line":13,"column":50}},"4":{"start":{"line":14,"column":0},"end":{"line":14,"column":33}},"5":{"start":{"line":15,"column":0},"end":{"line":15,"column":64}},"6":{"start":{"line":16,"column":0},"end":{"line":16,"column":32}},"7":{"start":{"line":17,"column":0},"end":{"line":17,"column":44}},"8":{"start":{"line":18,"column":0},"end":{"line":18,"column":55}},"9":{"start":{"line":24,"column":2},"end":{"line":24,"column":null}},"10":{"start":{"line":36,"column":7},"end":{"line":152,"column":null}},"11":{"start":{"line":40,"column":54},"end":{"line":40,"column":70}},"12":{"start":{"line":41,"column":21},"end":{"line":41,"column":29}},"13":{"start":{"line":42,"column":21},"end":{"line":42,"column":33}},"14":{"start":{"line":37,"column":19},"end":{"line":37,"column":50}},"15":{"start":{"line":48,"column":17},"end":{"line":50,"column":13}},"16":{"start":{"line":49,"column":21},"end":{"line":49,"column":80}},"17":{"start":{"line":51,"column":17},"end":{"line":51,"column":96}},"18":{"start":{"line":51,"column":33},"end":{"line":51,"column":52}},"19":{"start":{"line":52,"column":4},"end":{"line":52,"column":85}},"20":{"start":{"line":56,"column":14},"end":{"line":56,"column":35}},"21":{"start":{"line":57,"column":14},"end":{"line":57,"column":33}},"22":{"start":{"line":58,"column":4},"end":{"line":58,"column":44}},"23":{"start":{"line":58,"column":31},"end":{"line":58,"column":44}},"24":{"start":{"line":59,"column":4},"end":{"line":59,"column":40}},"25":{"start":{"line":65,"column":4},"end":{"line":67,"column":5}},"26":{"start":{"line":66,"column":6},"end":{"line":66,"column":56}},"27":{"start":{"line":68,"column":23},"end":{"line":68,"column":92}},"28":{"start":{"line":69,"column":4},"end":{"line":77,"column":6}},"29":{"start":{"line":78,"column":19},"end":{"line":83,"column":6}},"30":{"start":{"line":84,"column":4},"end":{"line":84,"column":53}},"31":{"start":{"line":88,"column":4},"end":{"line":88,"column":49}},"32":{"start":{"line":97,"column":21},"end":{"line":101,"column":6}},"33":{"start":{"line":102,"column":4},"end":{"line":105,"column":5}},"34":{"start":{"line":103,"column":6},"end":{"line":103,"column":67}},"35":{"start":{"line":104,"column":6},"end":{"line":104,"column":49}},"36":{"start":{"line":107,"column":18},"end":{"line":109,"column":6}},"37":{"start":{"line":110,"column":4},"end":{"line":113,"column":5}},"38":{"start":{"line":111,"column":6},"end":{"line":111,"column":68}},"39":{"start":{"line":112,"column":6},"end":{"line":112,"column":48}},"40":{"start":{"line":115,"column":4},"end":{"line":120,"column":5}},"41":{"start":{"line":116,"column":6},"end":{"line":118,"column":8}},"42":{"start":{"line":119,"column":6},"end":{"line":119,"column":47}},"43":{"start":{"line":121,"column":4},"end":{"line":123,"column":5}},"44":{"start":{"line":122,"column":6},"end":{"line":122,"column":49}},"45":{"start":{"line":125,"column":27},"end":{"line":125,"column":91}},"46":{"start":{"line":126,"column":4},"end":{"line":149,"column":5}},"47":{"start":{"line":127,"column":6},"end":{"line":140,"column":9}},"48":{"start":{"line":129,"column":24},"end":{"line":134,"column":20}},"49":{"start":{"line":132,"column":83},"end":{"line":132,"column":102}},"50":{"start":{"line":135,"column":8},"end":{"line":137,"column":9}},"51":{"start":{"line":136,"column":10},"end":{"line":136,"column":54}},"52":{"start":{"line":139,"column":8},"end":{"line":139,"column":83}},"53":{"start":{"line":142,"column":6},"end":{"line":144,"column":7}},"54":{"start":{"line":143,"column":8},"end":{"line":143,"column":51}},"55":{"start":{"line":145,"column":6},"end":{"line":147,"column":7}},"56":{"start":{"line":146,"column":8},"end":{"line":146,"column":51}},"57":{"start":{"line":148,"column":6},"end":{"line":148,"column":14}},"58":{"start":{"line":150,"column":4},"end":{"line":150,"column":48}},"59":{"start":{"line":36,"column":13},"end":{"line":36,"column":27}},"60":{"start":{"line":36,"column":13},"end":{"line":152,"column":null}},"61":{"start":{"line":155,"column":7},"end":{"line":169,"column":null}},"62":{"start":{"line":156,"column":31},"end":{"line":156,"column":36}},"63":{"start":{"line":161,"column":4},"end":{"line":161,"column":45}},"64":{"start":{"line":167,"column":4},"end":{"line":167,"column":41}},"65":{"start":{"line":155,"column":13},"end":{"line":155,"column":30}},"66":{"start":{"line":160,"column":2},"end":{"line":162,"column":null}},"67":{"start":{"line":166,"column":2},"end":{"line":168,"column":null}},"68":{"start":{"line":155,"column":13},"end":{"line":169,"column":null}},"69":{"start":{"line":177,"column":7},"end":{"line":177,"column":null}},"70":{"start":{"line":177,"column":13},"end":{"line":177,"column":26}},"71":{"start":{"line":177,"column":13},"end":{"line":177,"column":null}}},"fnMap":{"0":{"name":"(anonymous_13)","decl":{"start":{"line":39,"column":2},"end":{"line":39,"column":null}},"loc":{"start":{"line":42,"column":43},"end":{"line":43,"column":6}}},"1":{"name":"(anonymous_14)","decl":{"start":{"line":47,"column":10},"end":{"line":47,"column":14}},"loc":{"start":{"line":47,"column":54},"end":{"line":53,"column":3}}},"2":{"name":"(anonymous_15)","decl":{"start":{"line":49,"column":14},"end":{"line":49,"column":15}},"loc":{"start":{"line":49,"column":21},"end":{"line":49,"column":80}}},"3":{"name":"(anonymous_16)","decl":{"start":{"line":51,"column":26},"end":{"line":51,"column":27}},"loc":{"start":{"line":51,"column":33},"end":{"line":51,"column":52}}},"4":{"name":"(anonymous_17)","decl":{"start":{"line":55,"column":10},"end":{"line":55,"column":20}},"loc":{"start":{"line":55,"column":53},"end":{"line":60,"column":3}}},"5":{"name":"(anonymous_18)","decl":{"start":{"line":64,"column":2},"end":{"line":64,"column":7}},"loc":{"start":{"line":64,"column":45},"end":{"line":85,"column":3}}},"6":{"name":"(anonymous_19)","decl":{"start":{"line":87,"column":10},"end":{"line":87,"column":22}},"loc":{"start":{"line":87,"column":22},"end":{"line":89,"column":3}}},"7":{"name":"(anonymous_20)","decl":{"start":{"line":94,"column":2},"end":{"line":94,"column":7}},"loc":{"start":{"line":95,"column":28},"end":{"line":151,"column":3}}},"8":{"name":"(anonymous_21)","decl":{"start":{"line":127,"column":40},"end":{"line":127,"column":45}},"loc":{"start":{"line":127,"column":52},"end":{"line":140,"column":7}}},"9":{"name":"(anonymous_22)","decl":{"start":{"line":132,"column":77},"end":{"line":132,"column":80}},"loc":{"start":{"line":132,"column":83},"end":{"line":132,"column":102}}},"10":{"name":"(anonymous_23)","decl":{"start":{"line":156,"column":2},"end":{"line":156,"column":31}},"loc":{"start":{"line":156,"column":50},"end":{"line":156,"column":54}}},"11":{"name":"(anonymous_24)","decl":{"start":{"line":160,"column":2},"end":{"line":160,"column":8}},"loc":{"start":{"line":160,"column":62},"end":{"line":162,"column":3}}},"12":{"name":"(anonymous_25)","decl":{"start":{"line":166,"column":2},"end":{"line":166,"column":10}},"loc":{"start":{"line":166,"column":43},"end":{"line":168,"column":3}}}},"branchMap":{"0":{"loc":{"start":{"line":49,"column":21},"end":{"line":49,"column":80}},"type":"binary-expr","locations":[{"start":{"line":49,"column":21},"end":{"line":49,"column":33}},{"start":{"line":49,"column":37},"end":{"line":49,"column":53}},{"start":{"line":49,"column":57},"end":{"line":49,"column":80}}]},"1":{"loc":{"start":{"line":58,"column":4},"end":{"line":58,"column":44}},"type":"if","locations":[{"start":{"line":58,"column":4},"end":{"line":58,"column":44}}]},"2":{"loc":{"start":{"line":65,"column":4},"end":{"line":67,"column":5}},"type":"if","locations":[{"start":{"line":65,"column":4},"end":{"line":67,"column":5}}]},"3":{"loc":{"start":{"line":102,"column":4},"end":{"line":105,"column":5}},"type":"if","locations":[{"start":{"line":102,"column":4},"end":{"line":105,"column":5}}]},"4":{"loc":{"start":{"line":102,"column":35},"end":{"line":102,"column":50}},"type":"binary-expr","locations":[{"start":{"line":102,"column":35},"end":{"line":102,"column":44}},{"start":{"line":102,"column":48},"end":{"line":102,"column":50}}]},"5":{"loc":{"start":{"line":110,"column":4},"end":{"line":113,"column":5}},"type":"if","locations":[{"start":{"line":110,"column":4},"end":{"line":113,"column":5}}]},"6":{"loc":{"start":{"line":115,"column":4},"end":{"line":120,"column":5}},"type":"if","locations":[{"start":{"line":115,"column":4},"end":{"line":120,"column":5}}]},"7":{"loc":{"start":{"line":121,"column":4},"end":{"line":123,"column":5}},"type":"if","locations":[{"start":{"line":121,"column":4},"end":{"line":123,"column":5}}]},"8":{"loc":{"start":{"line":135,"column":8},"end":{"line":137,"column":9}},"type":"if","locations":[{"start":{"line":135,"column":8},"end":{"line":137,"column":9}}]},"9":{"loc":{"start":{"line":142,"column":6},"end":{"line":144,"column":7}},"type":"if","locations":[{"start":{"line":142,"column":6},"end":{"line":144,"column":7}}]},"10":{"loc":{"start":{"line":142,"column":10},"end":{"line":142,"column":72}},"type":"binary-expr","locations":[{"start":{"line":142,"column":10},"end":{"line":142,"column":42}},{"start":{"line":142,"column":46},"end":{"line":142,"column":72}}]},"11":{"loc":{"start":{"line":145,"column":6},"end":{"line":147,"column":7}},"type":"if","locations":[{"start":{"line":145,"column":6},"end":{"line":147,"column":7}}]}},"s":{"0":1,"1":1,"2":1,"3":1,"4":1,"5":1,"6":1,"7":1,"8":1,"9":1,"10":1,"11":1,"12":1,"13":1,"14":1,"15":8,"16":27,"17":8,"18":24,"19":8,"20":5,"21":5,"22":5,"23":1,"24":4,"25":3,"26":0,"27":3,"28":3,"29":3,"30":3,"31":3,"32":5,"33":5,"34":1,"35":1,"36":4,"37":4,"38":1,"39":1,"40":3,"41":1,"42":1,"43":2,"44":1,"45":1,"46":1,"47":1,"48":1,"49":1,"50":1,"51":0,"52":1,"53":0,"54":0,"55":0,"56":0,"57":0,"58":1,"59":1,"60":1,"61":1,"62":1,"63":0,"64":0,"65":1,"66":1,"67":1,"68":1,"69":1,"70":1,"71":1},"f":{"0":1,"1":8,"2":27,"3":24,"4":5,"5":3,"6":3,"7":5,"8":1,"9":1,"10":1,"11":0,"12":0},"b":{"0":[27,27,24],"1":[1],"2":[0],"3":[1],"4":[5,0],"5":[1],"6":[1],"7":[1],"8":[0],"9":[0],"10":[0,0],"11":[0]}}
,"C:\\Users\\leifeng\\Documents\\airacm\\backend-pre\\src\\modules\\progress.ts": {"path":"C:\\Users\\leifeng\\Documents\\airacm\\backend-pre\\src\\modules\\progress.ts","statementMap":{"0":{"start":{"line":1,"column":0},"end":{"line":1,"column":null}},"1":{"start":{"line":12,"column":0},"end":{"line":12,"column":66}},"2":{"start":{"line":13,"column":0},"end":{"line":13,"column":41}},"3":{"start":{"line":14,"column":0},"end":{"line":14,"column":73}},"4":{"start":{"line":15,"column":0},"end":{"line":15,"column":63}},"5":{"start":{"line":16,"column":0},"end":{"line":16,"column":64}},"6":{"start":{"line":20,"column":2},"end":{"line":20,"column":null}},"7":{"start":{"line":25,"column":2},"end":{"line":25,"column":null}},"8":{"start":{"line":29,"column":2},"end":{"line":29,"column":null}},"9":{"start":{"line":35,"column":2},"end":{"line":35,"column":null}},"10":{"start":{"line":39,"column":7},"end":{"line":87,"column":null}},"11":{"start":{"line":41,"column":49},"end":{"line":41,"column":59}},"12":{"start":{"line":42,"column":47},"end":{"line":42,"column":56}},"13":{"start":{"line":47,"column":19},"end":{"line":49,"column":6}},"14":{"start":{"line":50,"column":4},"end":{"line":50,"column":54}},"15":{"start":{"line":50,"column":17},"end":{"line":50,"column":54}},"16":{"start":{"line":52,"column":14},"end":{"line":54,"column":6}},"17":{"start":{"line":55,"column":4},"end":{"line":66,"column":5}},"18":{"start":{"line":56,"column":6},"end":{"line":62,"column":9}},"19":{"start":{"line":64,"column":6},"end":{"line":64,"column":66}},"20":{"start":{"line":64,"column":38},"end":{"line":64,"column":66}},"21":{"start":{"line":65,"column":6},"end":{"line":65,"column":60}},"22":{"start":{"line":65,"column":36},"end":{"line":65,"column":60}},"23":{"start":{"line":67,"column":4},"end":{"line":67,"column":35}},"24":{"start":{"line":71,"column":4},"end":{"line":81,"column":5}},"25":{"start":{"line":73,"column":22},"end":{"line":75,"column":8}},"26":{"start":{"line":76,"column":18},"end":{"line":76,"column":42}},"27":{"start":{"line":76,"column":37},"end":{"line":76,"column":41}},"28":{"start":{"line":77,"column":6},"end":{"line":77,"column":38}},"29":{"start":{"line":77,"column":28},"end":{"line":77,"column":38}},"30":{"start":{"line":78,"column":6},"end":{"line":80,"column":9}},"31":{"start":{"line":82,"column":4},"end":{"line":85,"column":7}},"32":{"start":{"line":39,"column":13},"end":{"line":39,"column":28}},"33":{"start":{"line":39,"column":13},"end":{"line":87,"column":null}},"34":{"start":{"line":91,"column":7},"end":{"line":103,"column":null}},"35":{"start":{"line":92,"column":31},"end":{"line":92,"column":36}},"36":{"start":{"line":96,"column":4},"end":{"line":96,"column":38}},"37":{"start":{"line":101,"column":4},"end":{"line":101,"column":38}},"38":{"start":{"line":91,"column":13},"end":{"line":91,"column":31}},"39":{"start":{"line":95,"column":2},"end":{"line":97,"column":null}},"40":{"start":{"line":100,"column":2},"end":{"line":102,"column":null}},"41":{"start":{"line":91,"column":13},"end":{"line":103,"column":null}},"42":{"start":{"line":111,"column":7},"end":{"line":111,"column":null}},"43":{"start":{"line":111,"column":13},"end":{"line":111,"column":27}},"44":{"start":{"line":111,"column":13},"end":{"line":111,"column":null}}},"fnMap":{"0":{"name":"(anonymous_4)","decl":{"start":{"line":40,"column":2},"end":{"line":40,"column":null}},"loc":{"start":{"line":42,"column":74},"end":{"line":43,"column":6}}},"1":{"name":"(anonymous_5)","decl":{"start":{"line":46,"column":2},"end":{"line":46,"column":7}},"loc":{"start":{"line":46,"column":53},"end":{"line":68,"column":3}}},"2":{"name":"(anonymous_6)","decl":{"start":{"line":70,"column":2},"end":{"line":70,"column":7}},"loc":{"start":{"line":70,"column":52},"end":{"line":86,"column":3}}},"3":{"name":"(anonymous_7)","decl":{"start":{"line":76,"column":30},"end":{"line":76,"column":31}},"loc":{"start":{"line":76,"column":37},"end":{"line":76,"column":41}}},"4":{"name":"(anonymous_8)","decl":{"start":{"line":92,"column":2},"end":{"line":92,"column":31}},"loc":{"start":{"line":92,"column":51},"end":{"line":92,"column":55}}},"5":{"name":"(anonymous_9)","decl":{"start":{"line":95,"column":2},"end":{"line":95,"column":8}},"loc":{"start":{"line":95,"column":70},"end":{"line":97,"column":3}}},"6":{"name":"(anonymous_10)","decl":{"start":{"line":100,"column":2},"end":{"line":100,"column":6}},"loc":{"start":{"line":100,"column":70},"end":{"line":102,"column":3}}}},"branchMap":{"0":{"loc":{"start":{"line":50,"column":4},"end":{"line":50,"column":54}},"type":"if","locations":[{"start":{"line":50,"column":4},"end":{"line":50,"column":54}}]},"1":{"loc":{"start":{"line":55,"column":4},"end":{"line":66,"column":5}},"type":"if","locations":[{"start":{"line":55,"column":4},"end":{"line":66,"column":5}},{"start":{"line":63,"column":11},"end":{"line":66,"column":5}}]},"2":{"loc":{"start":{"line":60,"column":18},"end":{"line":60,"column":35}},"type":"binary-expr","locations":[{"start":{"line":60,"column":18},"end":{"line":60,"column":30}},{"start":{"line":60,"column":34},"end":{"line":60,"column":35}}]},"3":{"loc":{"start":{"line":61,"column":16},"end":{"line":61,"column":43}},"type":"binary-expr","locations":[{"start":{"line":61,"column":16},"end":{"line":61,"column":26}},{"start":{"line":61,"column":30},"end":{"line":61,"column":43}}]},"4":{"loc":{"start":{"line":64,"column":6},"end":{"line":64,"column":66}},"type":"if","locations":[{"start":{"line":64,"column":6},"end":{"line":64,"column":66}}]},"5":{"loc":{"start":{"line":65,"column":6},"end":{"line":65,"column":60}},"type":"if","locations":[{"start":{"line":65,"column":6},"end":{"line":65,"column":60}}]},"6":{"loc":{"start":{"line":71,"column":4},"end":{"line":81,"column":5}},"type":"if","locations":[{"start":{"line":71,"column":4},"end":{"line":81,"column":5}}]},"7":{"loc":{"start":{"line":77,"column":6},"end":{"line":77,"column":38}},"type":"if","locations":[{"start":{"line":77,"column":6},"end":{"line":77,"column":38}}]}},"s":{"0":1,"1":1,"2":1,"3":1,"4":1,"5":1,"6":1,"7":1,"8":1,"9":1,"10":1,"11":1,"12":1,"13":0,"14":0,"15":0,"16":0,"17":0,"18":0,"19":0,"20":0,"21":0,"22":0,"23":0,"24":0,"25":0,"26":0,"27":0,"28":0,"29":0,"30":0,"31":0,"32":1,"33":1,"34":1,"35":1,"36":0,"37":0,"38":1,"39":1,"40":1,"41":1,"42":1,"43":1,"44":1},"f":{"0":1,"1":0,"2":0,"3":0,"4":1,"5":0,"6":0},"b":{"0":[0],"1":[0,0],"2":[0,0],"3":[0,0],"4":[0],"5":[0],"6":[0],"7":[0]}}
,"C:\\Users\\leifeng\\Documents\\airacm\\backend-pre\\src\\modules\\wallet.ts": {"path":"C:\\Users\\leifeng\\Documents\\airacm\\backend-pre\\src\\modules\\wallet.ts","statementMap":{"0":{"start":{"line":1,"column":0},"end":{"line":1,"column":null}},"1":{"start":{"line":13,"column":0},"end":{"line":13,"column":66}},"2":{"start":{"line":14,"column":0},"end":{"line":14,"column":64}},"3":{"start":{"line":15,"column":0},"end":{"line":15,"column":67}},"4":{"start":{"line":16,"column":0},"end":{"line":16,"column":41}},"5":{"start":{"line":17,"column":0},"end":{"line":17,"column":62}},"6":{"start":{"line":18,"column":0},"end":{"line":18,"column":64}},"7":{"start":{"line":22,"column":2},"end":{"line":22,"column":null}},"8":{"start":{"line":30,"column":2},"end":{"line":30,"column":null}},"9":{"start":{"line":27,"column":14},"end":{"line":27,"column":20}},"10":{"start":{"line":36,"column":2},"end":{"line":36,"column":null}},"11":{"start":{"line":33,"column":14},"end":{"line":33,"column":20}},"12":{"start":{"line":40,"column":7},"end":{"line":172,"column":null}},"13":{"start":{"line":42,"column":47},"end":{"line":42,"column":56}},"14":{"start":{"line":43,"column":50},"end":{"line":43,"column":56}},"15":{"start":{"line":44,"column":21},"end":{"line":44,"column":33}},"16":{"start":{"line":48,"column":19},"end":{"line":50,"column":6}},"17":{"start":{"line":51,"column":4},"end":{"line":51,"column":54}},"18":{"start":{"line":51,"column":17},"end":{"line":51,"column":54}},"19":{"start":{"line":52,"column":4},"end":{"line":52,"column":39}},"20":{"start":{"line":59,"column":19},"end":{"line":61,"column":6}},"21":{"start":{"line":62,"column":4},"end":{"line":62,"column":54}},"22":{"start":{"line":62,"column":17},"end":{"line":62,"column":54}},"23":{"start":{"line":63,"column":17},"end":{"line":63,"column":32}},"24":{"start":{"line":64,"column":18},"end":{"line":64,"column":35}},"25":{"start":{"line":65,"column":27},"end":{"line":70,"column":6}},"26":{"start":{"line":71,"column":4},"end":{"line":71,"column":41}},"27":{"start":{"line":77,"column":4},"end":{"line":97,"column":7}},"28":{"start":{"line":78,"column":22},"end":{"line":87,"column":18}},"29":{"start":{"line":81,"column":66},"end":{"line":81,"column":85}},"30":{"start":{"line":88,"column":6},"end":{"line":90,"column":7}},"31":{"start":{"line":89,"column":8},"end":{"line":89,"column":52}},"32":{"start":{"line":91,"column":22},"end":{"line":93,"column":8}},"33":{"start":{"line":94,"column":21},"end":{"line":94,"column":36}},"34":{"start":{"line":95,"column":22},"end":{"line":95,"column":75}},"35":{"start":{"line":96,"column":6},"end":{"line":96,"column":33}},"36":{"start":{"line":107,"column":4},"end":{"line":109,"column":5}},"37":{"start":{"line":108,"column":6},"end":{"line":108,"column":51}},"38":{"start":{"line":110,"column":20},"end":{"line":116,"column":16}},"39":{"start":{"line":113,"column":28},"end":{"line":113,"column":44}},"40":{"start":{"line":117,"column":4},"end":{"line":117,"column":69}},"41":{"start":{"line":117,"column":32},"end":{"line":117,"column":69}},"42":{"start":{"line":118,"column":19},"end":{"line":120,"column":6}},"43":{"start":{"line":121,"column":4},"end":{"line":129,"column":6}},"44":{"start":{"line":130,"column":4},"end":{"line":130,"column":27}},"45":{"start":{"line":141,"column":4},"end":{"line":143,"column":5}},"46":{"start":{"line":142,"column":6},"end":{"line":142,"column":51}},"47":{"start":{"line":144,"column":19},"end":{"line":154,"column":16}},"48":{"start":{"line":147,"column":28},"end":{"line":147,"column":44}},"49":{"start":{"line":155,"column":4},"end":{"line":157,"column":5}},"50":{"start":{"line":156,"column":6},"end":{"line":156,"column":44}},"51":{"start":{"line":158,"column":19},"end":{"line":160,"column":6}},"52":{"start":{"line":161,"column":4},"end":{"line":169,"column":6}},"53":{"start":{"line":170,"column":4},"end":{"line":170,"column":27}},"54":{"start":{"line":40,"column":13},"end":{"line":40,"column":26}},"55":{"start":{"line":40,"column":13},"end":{"line":172,"column":null}},"56":{"start":{"line":176,"column":7},"end":{"line":193,"column":null}},"57":{"start":{"line":177,"column":31},"end":{"line":177,"column":36}},"58":{"start":{"line":181,"column":4},"end":{"line":181,"column":37}},"59":{"start":{"line":186,"column":4},"end":{"line":186,"column":42}},"60":{"start":{"line":191,"column":4},"end":{"line":191,"column":51}},"61":{"start":{"line":176,"column":13},"end":{"line":176,"column":29}},"62":{"start":{"line":180,"column":2},"end":{"line":182,"column":null}},"63":{"start":{"line":185,"column":2},"end":{"line":187,"column":null}},"64":{"start":{"line":190,"column":2},"end":{"line":192,"column":null}},"65":{"start":{"line":176,"column":13},"end":{"line":193,"column":null}},"66":{"start":{"line":201,"column":7},"end":{"line":201,"column":null}},"67":{"start":{"line":201,"column":13},"end":{"line":201,"column":25}},"68":{"start":{"line":201,"column":13},"end":{"line":201,"column":null}}},"fnMap":{"0":{"name":"(anonymous_4)","decl":{"start":{"line":27,"column":8},"end":{"line":27,"column":11}},"loc":{"start":{"line":27,"column":14},"end":{"line":27,"column":20}}},"1":{"name":"(anonymous_5)","decl":{"start":{"line":33,"column":8},"end":{"line":33,"column":11}},"loc":{"start":{"line":33,"column":14},"end":{"line":33,"column":20}}},"2":{"name":"(anonymous_6)","decl":{"start":{"line":41,"column":2},"end":{"line":41,"column":null}},"loc":{"start":{"line":44,"column":43},"end":{"line":45,"column":6}}},"3":{"name":"(anonymous_7)","decl":{"start":{"line":47,"column":2},"end":{"line":47,"column":7}},"loc":{"start":{"line":47,"column":33},"end":{"line":53,"column":3}}},"4":{"name":"(anonymous_8)","decl":{"start":{"line":55,"column":2},"end":{"line":55,"column":7}},"loc":{"start":{"line":57,"column":22},"end":{"line":72,"column":3}}},"5":{"name":"(anonymous_9)","decl":{"start":{"line":76,"column":2},"end":{"line":76,"column":7}},"loc":{"start":{"line":76,"column":51},"end":{"line":98,"column":3}}},"6":{"name":"(anonymous_10)","decl":{"start":{"line":77,"column":39},"end":{"line":77,"column":44}},"loc":{"start":{"line":77,"column":51},"end":{"line":97,"column":5}}},"7":{"name":"(anonymous_11)","decl":{"start":{"line":81,"column":60},"end":{"line":81,"column":63}},"loc":{"start":{"line":81,"column":66},"end":{"line":81,"column":85}}},"8":{"name":"(anonymous_12)","decl":{"start":{"line":101,"column":2},"end":{"line":101,"column":7}},"loc":{"start":{"line":105,"column":24},"end":{"line":131,"column":3}}},"9":{"name":"(anonymous_13)","decl":{"start":{"line":113,"column":22},"end":{"line":113,"column":25}},"loc":{"start":{"line":113,"column":28},"end":{"line":113,"column":44}}},"10":{"name":"(anonymous_14)","decl":{"start":{"line":135,"column":2},"end":{"line":135,"column":7}},"loc":{"start":{"line":139,"column":24},"end":{"line":171,"column":3}}},"11":{"name":"(anonymous_15)","decl":{"start":{"line":147,"column":22},"end":{"line":147,"column":25}},"loc":{"start":{"line":147,"column":28},"end":{"line":147,"column":44}}},"12":{"name":"(anonymous_16)","decl":{"start":{"line":177,"column":2},"end":{"line":177,"column":31}},"loc":{"start":{"line":177,"column":49},"end":{"line":177,"column":53}}},"13":{"name":"(anonymous_17)","decl":{"start":{"line":180,"column":2},"end":{"line":180,"column":9}},"loc":{"start":{"line":180,"column":39},"end":{"line":182,"column":3}}},"14":{"name":"(anonymous_18)","decl":{"start":{"line":185,"column":2},"end":{"line":185,"column":6}},"loc":{"start":{"line":185,"column":65},"end":{"line":187,"column":3}}},"15":{"name":"(anonymous_19)","decl":{"start":{"line":190,"column":2},"end":{"line":190,"column":10}},"loc":{"start":{"line":190,"column":72},"end":{"line":192,"column":3}}}},"branchMap":{"0":{"loc":{"start":{"line":51,"column":4},"end":{"line":51,"column":54}},"type":"if","locations":[{"start":{"line":51,"column":4},"end":{"line":51,"column":54}}]},"1":{"loc":{"start":{"line":62,"column":4},"end":{"line":62,"column":54}},"type":"if","locations":[{"start":{"line":62,"column":4},"end":{"line":62,"column":54}}]},"2":{"loc":{"start":{"line":63,"column":17},"end":{"line":63,"column":32}},"type":"binary-expr","locations":[{"start":{"line":63,"column":17},"end":{"line":63,"column":27}},{"start":{"line":63,"column":31},"end":{"line":63,"column":32}}]},"3":{"loc":{"start":{"line":64,"column":18},"end":{"line":64,"column":35}},"type":"binary-expr","locations":[{"start":{"line":64,"column":18},"end":{"line":64,"column":29}},{"start":{"line":64,"column":33},"end":{"line":64,"column":35}}]},"4":{"loc":{"start":{"line":88,"column":6},"end":{"line":90,"column":7}},"type":"if","locations":[{"start":{"line":88,"column":6},"end":{"line":90,"column":7}}]},"5":{"loc":{"start":{"line":107,"column":4},"end":{"line":109,"column":5}},"type":"if","locations":[{"start":{"line":107,"column":4},"end":{"line":109,"column":5}}]},"6":{"loc":{"start":{"line":107,"column":8},"end":{"line":107,"column":48}},"type":"binary-expr","locations":[{"start":{"line":107,"column":8},"end":{"line":107,"column":33}},{"start":{"line":107,"column":37},"end":{"line":107,"column":48}}]},"7":{"loc":{"start":{"line":117,"column":4},"end":{"line":117,"column":69}},"type":"if","locations":[{"start":{"line":117,"column":4},"end":{"line":117,"column":69}}]},"8":{"loc":{"start":{"line":141,"column":4},"end":{"line":143,"column":5}},"type":"if","locations":[{"start":{"line":141,"column":4},"end":{"line":143,"column":5}}]},"9":{"loc":{"start":{"line":141,"column":8},"end":{"line":141,"column":48}},"type":"binary-expr","locations":[{"start":{"line":141,"column":8},"end":{"line":141,"column":33}},{"start":{"line":141,"column":37},"end":{"line":141,"column":48}}]},"10":{"loc":{"start":{"line":155,"column":4},"end":{"line":157,"column":5}},"type":"if","locations":[{"start":{"line":155,"column":4},"end":{"line":157,"column":5}}]}},"s":{"0":1,"1":1,"2":1,"3":1,"4":1,"5":1,"6":1,"7":1,"8":1,"9":0,"10":1,"11":0,"12":1,"13":1,"14":1,"15":1,"16":0,"17":0,"18":0,"19":0,"20":0,"21":0,"22":0,"23":0,"24":0,"25":0,"26":0,"27":4,"28":3,"29":3,"30":3,"31":1,"32":2,"33":2,"34":2,"35":2,"36":3,"37":0,"38":3,"39":3,"40":3,"41":0,"42":3,"43":3,"44":3,"45":3,"46":0,"47":3,"48":3,"49":3,"50":1,"51":2,"52":2,"53":2,"54":1,"55":1,"56":1,"57":1,"58":0,"59":0,"60":0,"61":1,"62":1,"63":1,"64":1,"65":1,"66":1,"67":1,"68":1},"f":{"0":0,"1":0,"2":1,"3":0,"4":0,"5":4,"6":3,"7":3,"8":3,"9":3,"10":3,"11":3,"12":1,"13":0,"14":0,"15":0},"b":{"0":[0],"1":[0],"2":[0,0],"3":[0,0],"4":[1],"5":[0],"6":[3,3],"7":[0],"8":[0],"9":[3,3],"10":[1]}}
}
