TN:
SF:src\app.module.ts
FN:20,(anonymous_2)
FNF:1
FNH:0
FNDA:0,(anonymous_2)
DA:1,1
DA:2,1
DA:3,1
DA:4,1
DA:5,1
DA:6,1
DA:7,1
DA:8,1
DA:9,1
DA:10,1
DA:11,1
DA:12,1
DA:13,1
DA:14,1
DA:18,1
DA:20,1
DA:21,0
DA:47,1
LF:18
LH:17
BRF:0
BRH:0
end_of_record
TN:
SF:src\common.ts
FN:45,(anonymous_2)
FN:47,(anonymous_3)
FN:54,(anonymous_4)
FN:56,(anonymous_5)
FN:79,(anonymous_6)
FN:85,signToken
FN:93,(anonymous_8)
FN:94,(anonymous_9)
FN:99,(anonymous_10)
FN:100,(anonymous_11)
FN:106,(anonymous_12)
FN:122,(anonymous_13)
FN:125,(anonymous_14)
FNF:13
FNH:11
FNDA:3,(anonymous_2)
FNDA:2,(anonymous_3)
FNDA:6,(anonymous_4)
FNDA:3,(anonymous_5)
FNDA:2,(anonymous_6)
FNDA:2,signToken
FNDA:0,(anonymous_8)
FNDA:0,(anonymous_9)
FNDA:1,(anonymous_10)
FNDA:1,(anonymous_11)
FNDA:2,(anonymous_12)
FNDA:1,(anonymous_13)
FNDA:2,(anonymous_14)
DA:1,1
DA:16,1
DA:18,1
DA:19,1
DA:44,1
DA:46,3
DA:47,2
DA:53,1
DA:54,6
DA:57,3
DA:58,3
DA:59,3
DA:60,1
DA:62,2
DA:63,2
DA:64,2
DA:65,2
DA:70,2
DA:72,0
DA:78,1
DA:80,2
DA:81,2
DA:85,1
DA:86,2
DA:93,1
DA:94,1
DA:97,1
DA:98,1
DA:99,1
DA:100,1
DA:101,1
DA:105,1
DA:107,2
DA:108,2
DA:109,2
DA:110,0
DA:111,0
DA:112,0
DA:113,0
DA:115,0
DA:122,1
DA:123,1
DA:126,2
DA:127,2
DA:128,2
DA:130,2
DA:131,2
DA:133,2
DA:134,2
DA:135,2
DA:136,2
DA:137,0
DA:138,2
DA:139,2
DA:140,2
DA:144,2
DA:146,0
DA:150,0
DA:153,2
LF:59
LH:50
BRDA:47,0,0,2
BRDA:47,0,1,0
BRDA:59,1,0,1
BRDA:59,2,0,3
BRDA:59,2,1,2
BRDA:68,3,0,2
BRDA:68,3,1,0
BRDA:101,4,0,0
BRDA:101,4,1,1
BRDA:109,5,0,2
BRDA:109,6,0,2
BRDA:109,6,1,0
BRDA:112,7,0,0
BRDA:112,8,0,0
BRDA:112,8,1,0
BRDA:133,9,0,2
BRDA:136,10,0,0
BRDA:136,10,1,2
BRDA:138,11,0,2
BRDA:138,12,0,2
BRDA:138,12,1,2
BRDA:140,13,0,1
BRDA:140,13,1,1
BRDA:140,14,0,1
BRDA:140,14,1,0
BRDA:144,15,0,0
BRDA:148,16,0,0
BRDA:148,16,1,0
BRDA:150,17,0,0
BRF:29
BRH:16
end_of_record
TN:
SF:src\config.ts
FN:9,readJwtSecret
FN:19,readCorsOrigins
FN:25,(anonymous_2)
FN:28,(anonymous_3)
FN:62,buildDataSourceOptions
FNF:5
FNH:3
FNDA:1,readJwtSecret
FNDA:1,readCorsOrigins
FNDA:0,(anonymous_2)
FNDA:0,(anonymous_3)
FNDA:1,buildDataSourceOptions
DA:4,1
DA:5,1
DA:7,1
DA:10,1
DA:11,1
DA:12,0
DA:16,1
DA:20,1
DA:21,1
DA:22,0
DA:23,0
DA:25,0
DA:28,1
DA:31,1
DA:32,1
DA:33,1
DA:34,0
DA:37,1
DA:62,1
DA:63,1
DA:65,1
DA:66,1
DA:67,0
DA:70,1
DA:71,0
DA:86,1
LF:26
LH:19
BRDA:10,0,0,1
BRDA:10,0,1,1
BRDA:11,1,0,0
BRDA:11,2,0,1
BRDA:11,2,1,0
BRDA:11,2,2,0
BRDA:11,2,3,0
BRDA:16,3,0,1
BRDA:16,3,1,1
BRDA:20,4,0,1
BRDA:20,4,1,1
BRDA:21,5,0,0
BRDA:22,6,0,0
BRDA:22,7,0,0
BRDA:22,7,1,0
BRDA:28,8,0,0
BRDA:28,8,1,1
BRDA:31,9,0,1
BRDA:31,9,1,0
BRDA:32,10,0,1
BRDA:32,10,1,0
BRDA:33,11,0,0
BRDA:33,12,0,1
BRDA:33,12,1,0
BRDA:33,12,2,0
BRDA:33,12,3,0
BRDA:38,13,0,1
BRDA:38,13,1,0
BRDA:40,14,0,1
BRDA:40,14,1,1
BRDA:42,15,0,1
BRDA:42,15,1,1
BRDA:45,16,0,1
BRDA:45,16,1,1
BRDA:47,17,0,1
BRDA:47,17,1,1
BRDA:48,18,0,1
BRDA:48,18,1,1
BRDA:52,19,0,1
BRDA:52,19,1,1
BRDA:57,20,0,1
BRDA:57,20,1,1
BRDA:58,21,0,1
BRDA:58,21,1,1
BRDA:63,22,0,1
BRDA:63,22,1,0
BRDA:63,23,0,0
BRDA:63,23,1,0
BRDA:66,24,0,0
BRDA:66,25,0,1
BRDA:66,25,1,0
BRDA:70,26,0,0
BRDA:74,27,0,0
BRDA:74,27,1,0
BRDA:75,28,0,0
BRDA:75,28,1,0
BRDA:76,29,0,0
BRDA:76,29,1,0
BRDA:77,30,0,0
BRDA:77,30,1,0
BRDA:78,31,0,0
BRDA:78,31,1,0
BRDA:79,32,0,0
BRDA:79,32,1,0
BRDA:88,33,0,1
BRDA:88,33,1,0
BRF:66
BRH:31
end_of_record
TN:
SF:src\entities.ts
FNF:0
FNH:0
DA:1,1
DA:17,1
DA:31,1
DA:33,1
DA:36,1
DA:39,1
DA:44,1
DA:46,1
DA:49,1
DA:52,1
DA:55,1
DA:58,1
DA:61,1
DA:65,1
DA:68,1
DA:73,1
DA:75,1
DA:78,1
DA:81,1
DA:85,1
DA:88,1
DA:95,1
DA:97,1
DA:100,1
DA:103,1
DA:106,1
DA:110,1
DA:114,1
DA:117,1
DA:122,1
DA:124,1
DA:127,1
DA:130,1
DA:133,1
DA:136,1
DA:139,1
DA:142,1
DA:147,1
DA:149,1
DA:152,1
DA:155,1
DA:158,1
DA:161,1
DA:164,1
DA:167,1
DA:170,1
DA:175,1
DA:177,1
DA:180,1
DA:183,1
DA:186,1
DA:189,1
DA:194,1
DA:196,1
DA:199,1
DA:202,1
DA:205,1
DA:208,1
DA:211,1
DA:214,1
DA:217,1
DA:221,1
DA:227,1
DA:229,1
DA:232,1
DA:235,1
DA:238,1
DA:241,1
DA:244,1
DA:247,1
DA:251,1
DA:254,1
DA:257,1
DA:265,1
DA:267,1
DA:270,1
DA:273,1
DA:276,1
DA:279,1
DA:282,1
DA:285,1
DA:288,1
DA:291,1
DA:296,1
DA:298,1
DA:301,1
DA:304,1
DA:307,1
DA:310,1
DA:313,1
DA:316,1
DA:321,1
DA:323,1
DA:326,1
DA:329,1
DA:332,1
DA:335,1
DA:339,1
DA:342,1
DA:345,1
LF:100
LH:100
BRDA:17,0,0,0
BRDA:17,0,1,1
BRDA:17,1,0,1
BRDA:17,1,1,0
BRDA:17,2,0,0
BRDA:17,2,1,0
BRF:6
BRH:2
end_of_record
TN:
SF:src\modules\admin.ts
FN:116,(anonymous_13)
FN:127,(anonymous_14)
FN:141,(anonymous_15)
FN:147,(anonymous_16)
FN:155,(anonymous_17)
FN:161,(anonymous_18)
FN:173,(anonymous_19)
FN:190,(anonymous_20)
FN:222,(anonymous_21)
FN:225,(anonymous_22)
FN:230,(anonymous_23)
FN:235,(anonymous_24)
FN:240,(anonymous_25)
FN:245,(anonymous_26)
FNF:14
FNH:5
FNDA:1,(anonymous_13)
FNDA:2,(anonymous_14)
FNDA:4,(anonymous_15)
FNDA:0,(anonymous_16)
FNDA:0,(anonymous_17)
FNDA:0,(anonymous_18)
FNDA:0,(anonymous_19)
FNDA:0,(anonymous_20)
FNDA:1,(anonymous_21)
FNDA:2,(anonymous_22)
FNDA:0,(anonymous_23)
FNDA:0,(anonymous_24)
FNDA:0,(anonymous_25)
FNDA:0,(anonymous_26)
DA:1,1
DA:10,1
DA:11,1
DA:12,1
DA:21,1
DA:22,1
DA:31,1
DA:32,1
DA:38,1
DA:42,1
DA:47,1
DA:52,1
DA:58,1
DA:63,1
DA:67,1
DA:72,1
DA:77,1
DA:81,1
DA:86,1
DA:91,1
DA:95,1
DA:98,1
DA:101,1
DA:106,1
DA:111,1
DA:115,1
DA:117,1
DA:118,1
DA:119,1
DA:120,1
DA:121,1
DA:122,1
DA:123,1
DA:128,2
DA:129,2
DA:130,2
DA:131,4
DA:132,4
DA:133,4
DA:137,2
DA:138,2
DA:143,4
DA:152,0
DA:153,0
DA:154,0
DA:155,0
DA:156,0
DA:158,0
DA:162,0
DA:174,0
DA:177,0
DA:178,0
DA:186,0
DA:187,0
DA:191,0
DA:194,0
DA:195,0
DA:207,0
DA:210,0
DA:211,0
DA:213,0
DA:221,1
DA:222,1
DA:225,1
DA:226,2
DA:230,1
DA:231,0
DA:235,1
DA:236,0
DA:240,1
DA:241,0
DA:245,1
DA:246,0
DA:258,1
LF:74
LH:51
BRDA:153,0,0,0
BRDA:166,1,0,0
BRDA:166,1,1,0
BRDA:168,2,0,0
BRDA:168,2,1,0
BRDA:177,3,0,0
BRDA:183,4,0,0
BRDA:183,4,1,0
BRDA:194,5,0,0
BRDA:203,6,0,0
BRDA:203,6,1,0
BRDA:204,7,0,0
BRDA:204,7,1,0
BRDA:210,8,0,0
BRF:14
BRH:0
end_of_record
TN:
SF:src\modules\auth.ts
FN:60,(anonymous_13)
FN:68,(anonymous_14)
FN:73,(anonymous_15)
FN:80,(anonymous_16)
FN:107,(anonymous_17)
FN:117,(anonymous_18)
FN:137,(anonymous_19)
FN:146,(anonymous_20)
FN:149,(anonymous_21)
FN:154,(anonymous_22)
FN:159,(anonymous_23)
FNF:11
FNH:2
FNDA:1,(anonymous_13)
FNDA:0,(anonymous_14)
FNDA:0,(anonymous_15)
FNDA:0,(anonymous_16)
FNDA:0,(anonymous_17)
FNDA:0,(anonymous_18)
FNDA:0,(anonymous_19)
FNDA:1,(anonymous_20)
FNDA:0,(anonymous_21)
FNDA:0,(anonymous_22)
FNDA:0,(anonymous_23)
DA:1,1
DA:10,1
DA:11,1
DA:12,1
DA:13,1
DA:14,1
DA:15,1
DA:16,1
DA:17,1
DA:18,1
DA:21,1
DA:26,1
DA:30,1
DA:35,1
DA:40,1
DA:46,1
DA:50,1
DA:55,1
DA:59,1
DA:61,1
DA:62,1
DA:63,1
DA:64,1
DA:69,0
DA:70,0
DA:74,0
DA:75,0
DA:76,0
DA:81,0
DA:82,0
DA:84,0
DA:85,0
DA:87,0
DA:88,0
DA:89,0
DA:91,0
DA:92,0
DA:102,0
DA:104,0
DA:108,0
DA:109,0
DA:110,0
DA:111,0
DA:113,0
DA:118,0
DA:119,0
DA:120,0
DA:121,0
DA:122,0
DA:123,0
DA:132,0
DA:134,0
DA:138,0
DA:145,1
DA:146,1
DA:149,1
DA:150,0
DA:154,1
DA:155,0
DA:159,1
DA:160,0
DA:172,1
LF:62
LH:29
BRDA:69,0,0,0
BRDA:75,1,0,0
BRDA:81,2,0,0
BRDA:88,3,0,0
BRDA:96,4,0,0
BRDA:96,4,1,0
BRDA:110,5,0,0
BRDA:110,6,0,0
BRDA:110,6,1,0
BRDA:122,7,0,0
BRF:10
BRH:0
end_of_record
TN:
SF:src\modules\course.ts
FN:36,(anonymous_4)
FN:43,(anonymous_5)
FN:52,(anonymous_6)
FN:59,(anonymous_7)
FN:64,(anonymous_8)
FN:99,(anonymous_9)
FN:110,(anonymous_10)
FN:131,(anonymous_11)
FN:134,(anonymous_12)
FN:139,(anonymous_13)
FN:144,(anonymous_14)
FNF:11
FNH:5
FNDA:1,(anonymous_4)
FNDA:2,(anonymous_5)
FNDA:2,(anonymous_6)
FNDA:0,(anonymous_7)
FNDA:0,(anonymous_8)
FNDA:0,(anonymous_9)
FNDA:2,(anonymous_10)
FNDA:1,(anonymous_11)
FNDA:0,(anonymous_12)
FNDA:0,(anonymous_13)
FNDA:0,(anonymous_14)
DA:1,1
DA:11,1
DA:12,1
DA:13,1
DA:15,1
DA:35,1
DA:37,1
DA:38,1
DA:39,1
DA:40,1
DA:44,2
DA:47,2
DA:53,2
DA:54,1
DA:55,0
DA:56,0
DA:60,0
DA:68,0
DA:71,0
DA:73,0
DA:77,0
DA:81,0
DA:83,0
DA:84,0
DA:85,0
DA:94,0
DA:95,0
DA:96,0
DA:99,0
DA:106,0
DA:114,2
DA:117,2
DA:118,2
DA:119,2
DA:120,1
DA:123,1
DA:124,1
DA:130,1
DA:131,1
DA:134,1
DA:135,0
DA:139,1
DA:140,0
DA:144,1
DA:145,0
DA:155,1
LF:46
LH:27
BRDA:53,0,0,1
BRDA:54,1,0,1
BRDA:54,2,0,1
BRDA:54,2,1,0
BRDA:55,3,0,0
BRDA:71,4,0,0
BRDA:94,5,0,0
BRDA:94,5,1,0
BRDA:103,6,0,0
BRDA:103,6,1,0
BRDA:117,7,0,0
BRDA:119,8,0,1
BRF:12
BRH:4
end_of_record
TN:
SF:src\modules\order.ts
FN:28,(anonymous_4)
FN:34,(anonymous_5)
FN:42,(anonymous_6)
FN:52,(anonymous_7)
FN:63,(anonymous_8)
FN:94,(anonymous_9)
FN:113,(anonymous_10)
FN:116,(anonymous_11)
FN:121,(anonymous_12)
FNF:9
FNH:4
FNDA:0,(anonymous_4)
FNDA:0,(anonymous_5)
FNDA:1,(anonymous_6)
FNDA:5,(anonymous_7)
FNDA:3,(anonymous_8)
FNDA:0,(anonymous_9)
FNDA:1,(anonymous_10)
FNDA:0,(anonymous_11)
FNDA:0,(anonymous_12)
DA:1,1
DA:13,1
DA:14,1
DA:15,1
DA:16,1
DA:17,1
DA:18,1
DA:19,1
DA:23,1
DA:28,0
DA:31,1
DA:34,0
DA:37,1
DA:41,1
DA:43,1
DA:44,1
DA:45,1
DA:46,1
DA:47,1
DA:53,5
DA:56,5
DA:58,5
DA:61,5
DA:63,4
DA:64,3
DA:76,3
DA:78,2
DA:88,2
DA:89,2
DA:90,2
DA:98,0
DA:99,0
DA:100,0
DA:106,0
DA:112,1
DA:113,1
DA:116,1
DA:117,0
DA:121,1
DA:122,0
DA:132,1
LF:41
LH:33
BRDA:56,0,0,0
BRDA:61,1,0,1
BRDA:98,2,0,0
BRDA:98,2,1,0
BRDA:99,3,0,0
BRDA:99,3,1,0
BRF:6
BRH:1
end_of_record
TN:
SF:src\modules\payment.ts
FN:39,(anonymous_13)
FN:47,(anonymous_14)
FN:49,(anonymous_15)
FN:51,(anonymous_16)
FN:55,(anonymous_17)
FN:64,(anonymous_18)
FN:87,(anonymous_19)
FN:94,(anonymous_20)
FN:127,(anonymous_21)
FN:132,(anonymous_22)
FN:156,(anonymous_23)
FN:160,(anonymous_24)
FN:166,(anonymous_25)
FNF:13
FNH:11
FNDA:1,(anonymous_13)
FNDA:8,(anonymous_14)
FNDA:27,(anonymous_15)
FNDA:24,(anonymous_16)
FNDA:5,(anonymous_17)
FNDA:3,(anonymous_18)
FNDA:3,(anonymous_19)
FNDA:5,(anonymous_20)
FNDA:1,(anonymous_21)
FNDA:1,(anonymous_22)
FNDA:1,(anonymous_23)
FNDA:0,(anonymous_24)
FNDA:0,(anonymous_25)
DA:1,1
DA:11,1
DA:12,1
DA:13,1
DA:14,1
DA:15,1
DA:16,1
DA:17,1
DA:18,1
DA:24,1
DA:36,1
DA:37,1
DA:40,1
DA:41,1
DA:42,1
DA:48,8
DA:49,27
DA:51,24
DA:52,8
DA:56,5
DA:57,5
DA:58,5
DA:59,4
DA:65,3
DA:66,0
DA:68,3
DA:69,3
DA:78,3
DA:84,3
DA:88,3
DA:97,5
DA:102,5
DA:103,1
DA:104,1
DA:107,4
DA:110,4
DA:111,1
DA:112,1
DA:115,3
DA:116,1
DA:119,1
DA:121,2
DA:122,1
DA:125,1
DA:126,1
DA:127,1
DA:129,1
DA:132,1
DA:135,1
DA:136,0
DA:139,1
DA:142,0
DA:143,0
DA:145,0
DA:146,0
DA:148,0
DA:150,1
DA:155,1
DA:156,1
DA:160,1
DA:161,0
DA:166,1
DA:167,0
DA:177,1
LF:64
LH:55
BRDA:49,0,0,27
BRDA:49,0,1,27
BRDA:49,0,2,24
BRDA:58,1,0,1
BRDA:65,2,0,0
BRDA:102,3,0,1
BRDA:102,4,0,5
BRDA:102,4,1,0
BRDA:110,5,0,1
BRDA:115,6,0,1
BRDA:121,7,0,1
BRDA:135,8,0,0
BRDA:142,9,0,0
BRDA:142,10,0,0
BRDA:142,10,1,0
BRDA:145,11,0,0
BRF:16
BRH:9
end_of_record
TN:
SF:src\modules\progress.ts
FN:40,(anonymous_4)
FN:46,(anonymous_5)
FN:70,(anonymous_6)
FN:76,(anonymous_7)
FN:92,(anonymous_8)
FN:95,(anonymous_9)
FN:100,(anonymous_10)
FNF:7
FNH:2
FNDA:1,(anonymous_4)
FNDA:0,(anonymous_5)
FNDA:0,(anonymous_6)
FNDA:0,(anonymous_7)
FNDA:1,(anonymous_8)
FNDA:0,(anonymous_9)
FNDA:0,(anonymous_10)
DA:1,1
DA:12,1
DA:13,1
DA:14,1
DA:15,1
DA:16,1
DA:20,1
DA:25,1
DA:29,1
DA:35,1
DA:39,1
DA:41,1
DA:42,1
DA:47,0
DA:50,0
DA:52,0
DA:55,0
DA:56,0
DA:64,0
DA:65,0
DA:67,0
DA:71,0
DA:73,0
DA:76,0
DA:77,0
DA:78,0
DA:82,0
DA:91,1
DA:92,1
DA:95,1
DA:96,0
DA:100,1
DA:101,0
DA:111,1
LF:34
LH:18
BRDA:50,0,0,0
BRDA:55,1,0,0
BRDA:55,1,1,0
BRDA:60,2,0,0
BRDA:60,2,1,0
BRDA:61,3,0,0
BRDA:61,3,1,0
BRDA:64,4,0,0
BRDA:65,5,0,0
BRDA:71,6,0,0
BRDA:77,7,0,0
BRF:11
BRH:0
end_of_record
TN:
SF:src\modules\wallet.ts
FN:27,(anonymous_4)
FN:33,(anonymous_5)
FN:41,(anonymous_6)
FN:47,(anonymous_7)
FN:55,(anonymous_8)
FN:76,(anonymous_9)
FN:77,(anonymous_10)
FN:81,(anonymous_11)
FN:101,(anonymous_12)
FN:113,(anonymous_13)
FN:135,(anonymous_14)
FN:147,(anonymous_15)
FN:177,(anonymous_16)
FN:180,(anonymous_17)
FN:185,(anonymous_18)
FN:190,(anonymous_19)
FNF:16
FNH:9
FNDA:0,(anonymous_4)
FNDA:0,(anonymous_5)
FNDA:1,(anonymous_6)
FNDA:0,(anonymous_7)
FNDA:0,(anonymous_8)
FNDA:4,(anonymous_9)
FNDA:3,(anonymous_10)
FNDA:3,(anonymous_11)
FNDA:3,(anonymous_12)
FNDA:3,(anonymous_13)
FNDA:3,(anonymous_14)
FNDA:3,(anonymous_15)
FNDA:1,(anonymous_16)
FNDA:0,(anonymous_17)
FNDA:0,(anonymous_18)
FNDA:0,(anonymous_19)
DA:1,1
DA:13,1
DA:14,1
DA:15,1
DA:16,1
DA:17,1
DA:18,1
DA:22,1
DA:27,0
DA:30,1
DA:33,0
DA:36,1
DA:40,1
DA:42,1
DA:43,1
DA:44,1
DA:48,0
DA:51,0
DA:52,0
DA:59,0
DA:62,0
DA:63,0
DA:64,0
DA:65,0
DA:71,0
DA:77,4
DA:78,3
DA:81,3
DA:88,3
DA:89,1
DA:91,2
DA:94,2
DA:95,2
DA:96,2
DA:107,3
DA:108,0
DA:110,3
DA:113,3
DA:117,3
DA:118,3
DA:121,3
DA:130,3
DA:141,3
DA:142,0
DA:144,3
DA:147,3
DA:155,3
DA:156,1
DA:158,2
DA:161,2
DA:170,2
DA:176,1
DA:177,1
DA:180,1
DA:181,0
DA:185,1
DA:186,0
DA:190,1
DA:191,0
DA:201,1
LF:60
LH:44
BRDA:51,0,0,0
BRDA:62,1,0,0
BRDA:63,2,0,0
BRDA:63,2,1,0
BRDA:64,3,0,0
BRDA:64,3,1,0
BRDA:88,4,0,1
BRDA:107,5,0,0
BRDA:107,6,0,3
BRDA:107,6,1,3
BRDA:117,7,0,0
BRDA:141,8,0,0
BRDA:141,9,0,3
BRDA:141,9,1,3
BRDA:155,10,0,1
BRF:15
BRH:6
end_of_record
